#
# A fatal error has been detected by the Java Runtime Environment:
#
#  EXCEPTION_ACCESS_VIOLATION (0xc0000005) at pc=0x00007ffaf2bc6a87, pid=59988, tid=10748
#
# JRE version: OpenJDK Runtime Environment (17.0+35) (build 17+35-2724)
# Java VM: OpenJDK 64-Bit Server VM (17+35-2724, mixed mode, sharing, tiered, compressed oops, compressed class ptrs, g1 gc, windows-amd64)
# Problematic frame:
# C  [glass.dll+0x26a87]
#
# No core dump will be written. Minidumps are not enabled by default on client versions of Windows
#
# If you would like to submit a bug report, please visit:
#   https://bugreport.java.com/bugreport/crash.jsp
#

---------------  S U M M A R Y ------------

Command Line: -XX:+ShowCodeDetailsInExceptionMessages -agentlib:jdwp=transport=dt_socket,suspend=y,address=localhost:62301 -javaagent:C:\Users\rober\eclipse\java-2020-06\eclipse\configuration\org.eclipse.osgi\632\0\.cp\lib\javaagent-shaded.jar -Dfile.encoding=UTF-8 io.github.railroad.Startup

Host: AMD Ryzen 7 3700U with Radeon Vega Mobile Gfx  , 8 cores, 13G,  Windows 10 , 64 bit Build 19041 (10.0.19041.1202)
Time: Fri Oct 15 12:32:19 2021 GTB Summer Time elapsed time: 9.759828 seconds (0d 0h 0m 9s)

---------------  T H R E A D  ---------------

Current thread (0x0000024dfdaab9e0):  VMThread "VM Thread" [stack: 0x000000fab4300000,0x000000fab4400000] [id=10748]

Stack: [0x000000fab4300000,0x000000fab4400000],  sp=0x000000fab43ff440,  free space=1021k
Native frames: (J=compiled Java code, j=interpreted, Vv=VM code, C=native code)
C  [glass.dll+0x26a87]


siginfo: EXCEPTION_ACCESS_VIOLATION (0xc0000005), reading address 0x0000000000000000


Register to memory mapping:

RIP=0x00007ffaf2bc6a87 glass.dll
RAX=0x0 is NULL
RBX=0x0000024dfdaba5a0 is a global jni handle
RCX=0x0000024dfdaab9e0 points into unknown readable memory: 0x00007ffa614cc540 | 40 c5 4c 61 fa 7f 00 00
RDX=0x000000fab43ff440 points into unknown readable memory: 0x0000000000000000 | 00 00 00 00 00 00 00 00
RSP=0x000000fab43ff440 points into unknown readable memory: 0x0000000000000000 | 00 00 00 00 00 00 00 00
RBP=0x0000024d801b7648 points into unknown readable memory: 0x000081d3e4e4b0cd | cd b0 e4 e4 d3 81 00 00
RSI=0x0000024d801b7620 points into unknown readable memory: 0x0fffdf84632930cd | cd 30 29 63 84 df ff 0f
RDI=0x000081d3e4e4b0cd is an unknown value
R8 =0x0000000000010002 is an unknown value
R9 =0x000081d3e4e4b0cd is an unknown value
R10=0x0000000000008000 is an unknown value
R11=0x000000fab43ff3d0 points into unknown readable memory: 0x0000024d801b7620 | 20 76 1b 80 4d 02 00 00
R12=0x00007ffaf2bc4354 glass.dll
R13=0x00007ffa61672940 jvm.dll
R14=0x000000fab43ff538 points into unknown readable memory: 0x000000fab43ff520 | 20 f5 3f b4 fa 00 00 00
R15=0x0000024d801b7620 points into unknown readable memory: 0x0fffdf84632930cd | cd 30 29 63 84 df ff 0f


Registers:
RAX=0x0000000000000000, RBX=0x0000024dfdaba5a0, RCX=0x0000024dfdaab9e0, RDX=0x000000fab43ff440
RSP=0x000000fab43ff440, RBP=0x0000024d801b7648, RSI=0x0000024d801b7620, RDI=0x000081d3e4e4b0cd
R8 =0x0000000000010002, R9 =0x000081d3e4e4b0cd, R10=0x0000000000008000, R11=0x000000fab43ff3d0
R12=0x00007ffaf2bc4354, R13=0x00007ffa61672940, R14=0x000000fab43ff538, R15=0x0000024d801b7620
RIP=0x00007ffaf2bc6a87, EFLAGS=0x0000000000010202

Top of Stack: (sp=0x000000fab43ff440)
0x000000fab43ff440:   0000000000000000 0000024d801b7620
0x000000fab43ff450:   00007ffa61672940 00007ffaf2bc4354
0x000000fab43ff460:   0000024d801b7628 00007ffb0eba42d6
0x000000fab43ff470:   000081d3e4e4b0cd 0000024d00000000
0x000000fab43ff480:   0000024d801b7648 0000024d801b7620
0x000000fab43ff490:   fffffffffffffffe 0000000000000000
0x000000fab43ff4a0:   0000000000000001 00007ffaf2ba0000
0x000000fab43ff4b0:   000000fab43ff528 00007ffb0eba41fb
0x000000fab43ff4c0:   0000000000000000 000000fab43ff538
0x000000fab43ff4d0:   000000fab43ff800 00007ffb0ec80e40
0x000000fab43ff4e0:   0000000000000001 00007ffb0eba41b4
0x000000fab43ff4f0:   0000000000000000 0000000000000001
0x000000fab43ff500:   0000000000000000 000000fab43ff528
0x000000fab43ff510:   0000000000000001 00007ffaf2bc41e1
0x000000fab43ff520:   00007ffaf2bda138 00007ffb00000002
0x000000fab43ff530:   0000000000000002 000000fab43ff520 

Instructions: (pc=0x00007ffaf2bc6a87)
0x00007ffaf2bc6987:   8b 4d 58 e8 01 cf ff ff 48 8b 4d 60 e8 f8 ce ff
0x00007ffaf2bc6997:   ff 48 8b 95 80 00 00 00 48 8b 8d 18 01 00 00 e8
0x00007ffaf2bc69a7:   c6 c3 ff ff 33 d2 33 c9 e8 3c e1 ff ff 90 48 89
0x00007ffaf2bc69b7:   54 24 10 55 48 83 ec 20 48 8b ea 48 b8 00 00 00
0x00007ffaf2bc69c7:   00 00 00 00 00 48 83 c4 20 5d c3 cc 40 55 48 8b
0x00007ffaf2bc69d7:   ea 48 8b 01 33 c9 81 38 05 00 00 c0 0f 94 c1 8b
0x00007ffaf2bc69e7:   c1 5d c3 cc 40 55 48 83 ec 20 48 8b ea 8a 4d 40
0x00007ffaf2bc69f7:   48 83 c4 20 5d e9 f7 d2 ff ff cc 40 55 48 83 ec
0x00007ffaf2bc6a07:   20 48 8b ea 8a 4d 20 e8 e5 d2 ff ff 90 48 83 c4
0x00007ffaf2bc6a17:   20 5d c3 cc 40 55 48 83 ec 20 48 8b ea 48 83 c4
0x00007ffaf2bc6a27:   20 5d e9 46 d1 ff ff cc 40 55 48 83 ec 30 48 8b
0x00007ffaf2bc6a37:   ea 48 8b 01 8b 10 48 89 4c 24 28 89 54 24 20 4c
0x00007ffaf2bc6a47:   8d 0d e7 d5 ff ff 4c 8b 45 70 8b 55 68 48 8b 4d
0x00007ffaf2bc6a57:   60 e8 87 d0 ff ff 90 48 83 c4 30 5d c3 cc cc cc
0x00007ffaf2bc6a67:   cc cc cc cc cc cc cc cc cc 40 53 48 83 ec 20 48
0x00007ffaf2bc6a77:   8b 1d b3 30 01 00 48 85 db 74 16 e8 09 8b ff ff
0x00007ffaf2bc6a87:   4c 8b 00 48 8b d3 48 8b c8 41 ff 90 b0 00 00 00
0x00007ffaf2bc6a97:   90 48 83 c4 20 5b c3 cc cc 40 53 48 83 ec 20 48
0x00007ffaf2bc6aa7:   8b 1d 2b 32 01 00 48 85 db 74 57 b8 ff ff ff ff
0x00007ffaf2bc6ab7:   f0 0f c1 43 10 83 f8 01 75 3d 48 85 db 74 38 48
0x00007ffaf2bc6ac7:   8b 0b 48 85 c9 74 0d ff 15 d4 07 00 00 48 c7 03
0x00007ffaf2bc6ad7:   00 00 00 00 48 8b 4b 08 48 85 c9 74 0d e8 a7 cd
0x00007ffaf2bc6ae7:   ff ff 48 c7 43 08 00 00 00 00 ba 18 00 00 00 48
0x00007ffaf2bc6af7:   8b cb e8 92 cd ff ff 48 c7 05 cf 31 01 00 00 00
0x00007ffaf2bc6b07:   00 00 48 83 c4 20 5b c3 cc 40 53 48 83 ec 20 48
0x00007ffaf2bc6b17:   8b 1d 9b 31 01 00 48 85 db 74 57 b8 ff ff ff ff
0x00007ffaf2bc6b27:   f0 0f c1 43 10 83 f8 01 75 3d 48 85 db 74 38 48
0x00007ffaf2bc6b37:   8b 0b 48 85 c9 74 0d ff 15 64 07 00 00 48 c7 03
0x00007ffaf2bc6b47:   00 00 00 00 48 8b 4b 08 48 85 c9 74 0d e8 37 cd
0x00007ffaf2bc6b57:   ff ff 48 c7 43 08 00 00 00 00 ba 18 00 00 00 48
0x00007ffaf2bc6b67:   8b cb e8 22 cd ff ff 48 c7 05 3f 31 01 00 00 00
0x00007ffaf2bc6b77:   00 00 48 83 c4 20 5b c3 cc 40 53 48 83 ec 20 48 


Stack slot to memory mapping:
stack at sp + 0 slots: 0x0 is NULL
stack at sp + 1 slots: 0x0000024d801b7620 points into unknown readable memory: 0x0fffdf84632930cd | cd 30 29 63 84 df ff 0f
stack at sp + 2 slots: 0x00007ffa61672940 jvm.dll
stack at sp + 3 slots: 0x00007ffaf2bc4354 glass.dll
stack at sp + 4 slots: 0x0000024d801b7628 points into unknown readable memory: 0x000081d3e4e4b0cd | cd b0 e4 e4 d3 81 00 00
stack at sp + 5 slots: 0x00007ffb0eba42d6 ucrtbase.dll
stack at sp + 6 slots: 0x000081d3e4e4b0cd is an unknown value
stack at sp + 7 slots: 0x0000024d00000000 is an unknown value

VM_Operation (0x000000fab5ffbbe0): Exit, mode: safepoint, requested by thread 0x0000024dfe5d8b60


---------------  P R O C E S S  ---------------

Threads class SMR info:
_java_thread_list=0x0000024d8900e0e0, length=19, elements={
0x0000024ddc0e67f0, 0x0000024dfdab32b0, 0x0000024dfdab5540, 0x0000024dfdac4920,
0x0000024dfdac72f0, 0x0000024dfdad40d0, 0x0000024dfdad4cc0, 0x0000024dfdad55c0,
0x0000024dfdae8690, 0x0000024dfe5dbb80, 0x0000024dfe73ce60, 0x0000024dfe5db6b0,
0x0000024dfe5db1e0, 0x0000024dfe5da840, 0x0000024dfe5d99d0, 0x0000024dfe5d8b60,
0x0000024dfe5dc050, 0x0000024dfe5d8690, 0x0000024dfe5d9ea0
}

Java Threads: ( => current thread )
  0x0000024ddc0e67f0 JavaThread "main" [_thread_blocked, id=22752, stack(0x000000fab3d00000,0x000000fab3e00000)]
  0x0000024dfdab32b0 JavaThread "Reference Handler" daemon [_thread_blocked, id=8728, stack(0x000000fab4400000,0x000000fab4500000)]
  0x0000024dfdab5540 JavaThread "Finalizer" daemon [_thread_blocked, id=87408, stack(0x000000fab4500000,0x000000fab4600000)]
  0x0000024dfdac4920 JavaThread "Attach Listener" daemon [_thread_blocked, id=74948, stack(0x000000fab4700000,0x000000fab4800000)]
  0x0000024dfdac72f0 JavaThread "Service Thread" daemon [_thread_blocked, id=21176, stack(0x000000fab4800000,0x000000fab4900000)]
  0x0000024dfdad40d0 JavaThread "Monitor Deflation Thread" daemon [_thread_blocked, id=80056, stack(0x000000fab4900000,0x000000fab4a00000)]
  0x0000024dfdad4cc0 JavaThread "C2 CompilerThread0" daemon [_thread_blocked, id=60956, stack(0x000000fab4a00000,0x000000fab4b00000)]
  0x0000024dfdad55c0 JavaThread "C1 CompilerThread0" daemon [_thread_blocked, id=80728, stack(0x000000fab4b00000,0x000000fab4c00000)]
  0x0000024dfdae8690 JavaThread "Sweeper thread" daemon [_thread_blocked, id=61796, stack(0x000000fab4c00000,0x000000fab4d00000)]
  0x0000024dfe5dbb80 JavaThread "Common-Cleaner" daemon [_thread_blocked, id=86360, stack(0x000000fab4d00000,0x000000fab4e00000)]
  0x0000024dfe73ce60 JavaThread "JDWP Event Helper Thread" daemon [_thread_blocked, id=37508, stack(0x000000fab4f00000,0x000000fab5000000)]
  0x0000024dfe5db6b0 JavaThread "Notification Thread" daemon [_thread_blocked, id=76864, stack(0x000000fab5200000,0x000000fab5300000)]
  0x0000024dfe5db1e0 JavaThread "JavaFX-Launcher" [_thread_blocked, id=53356, stack(0x000000fab5400000,0x000000fab5500000)]
  0x0000024dfe5da840 JavaThread "QuantumRenderer-0" daemon [_thread_blocked, id=78148, stack(0x000000fab5100000,0x000000fab5200000)]
  0x0000024dfe5d99d0 JavaThread "InvokeLaterDispatcher" daemon [_thread_blocked, id=13612, stack(0x000000fab5e00000,0x000000fab5f00000)]
  0x0000024dfe5d8b60 JavaThread "JavaFX Application Thread" [_thread_blocked, id=83228, stack(0x000000fab5f00000,0x000000fab6000000)]
  0x0000024dfe5dc050 JavaThread "Thread-2" daemon [_thread_in_native, id=64824, stack(0x000000fab6700000,0x000000fab6800000)]
  0x0000024dfe5d8690 JavaThread "Prism Font Disposer" daemon [_thread_blocked, id=3896, stack(0x000000fab6a00000,0x000000fab6b00000)]
  0x0000024dfe5d9ea0 JavaThread "Cleaner-0" daemon [_thread_blocked, id=59612, stack(0x000000fab6b00000,0x000000fab6c00000)]

Other Threads:
=>0x0000024dfdaab9e0 VMThread "VM Thread" [stack: 0x000000fab4300000,0x000000fab4400000] [id=10748]
  0x0000024ddc130240 GCTaskThread "GC Thread#0" [stack: 0x000000fab3e00000,0x000000fab3f00000] [id=84700]
  0x0000024d801466b0 GCTaskThread "GC Thread#1" [stack: 0x000000fab5700000,0x000000fab5800000] [id=85604]
  0x0000024d801c1c00 GCTaskThread "GC Thread#2" [stack: 0x000000fab5800000,0x000000fab5900000] [id=19584]
  0x0000024d801c1eb0 GCTaskThread "GC Thread#3" [stack: 0x000000fab5900000,0x000000fab5a00000] [id=15576]
  0x0000024d8013f3e0 GCTaskThread "GC Thread#4" [stack: 0x000000fab5a00000,0x000000fab5b00000] [id=75732]
  0x0000024d801bd840 GCTaskThread "GC Thread#5" [stack: 0x000000fab5b00000,0x000000fab5c00000] [id=86952]
  0x0000024d801b4340 GCTaskThread "GC Thread#6" [stack: 0x000000fab5c00000,0x000000fab5d00000] [id=86924]
  0x0000024d801b45f0 GCTaskThread "GC Thread#7" [stack: 0x000000fab5d00000,0x000000fab5e00000] [id=86748]
  0x0000024ddc13f0c0 ConcurrentGCThread "G1 Main Marker" terminated
  0x0000024ddc140270 ConcurrentGCThread "G1 Conc#0" [stack: 0x000000fab4000000,0x000000fab4100000] [id=74420]
  0x0000024dfd9720b0 ConcurrentGCThread "G1 Refine#0" terminated
  0x0000024dfd972ad0 ConcurrentGCThread "G1 Service" terminated

Threads with active compile tasks:
C2 CompilerThread0  
[error occurred during error reporting (printing all threads), id 0xc0000005, EXCEPTION_ACCESS_VIOLATION (0xc0000005) at pc=0x00007ffa612dce63]

VM state: at safepoint (shutting down)

VM Mutex/Monitor currently owned by a thread:  ([mutex/lock_event])
[0x0000024ddc0e06c0] Threads_lock - owner thread: 0x0000024dfdaab9e0
[0x0000024ddc0e1050] Heap_lock - owner thread: 0x0000024dfe5d8b60

Heap address: 0x0000000720c00000, size: 3572 MB, Compressed Oops mode: Zero based, Oop shift amount: 3

CDS archive(s) mapped at: [0x0000000800000000-0x0000000800bc0000-0x0000000800bc0000), size 12320768, SharedBaseAddress: 0x0000000800000000, ArchiveRelocationMode: 0.
Compressed class space mapped at: 0x0000000800c00000-0x0000000840c00000, reserved size: 1073741824
Narrow klass base: 0x0000000800000000, Narrow klass shift: 0, Narrow klass range: 0x100000000

GC Precious Log:
 CPUs: 8 total, 8 available
 Memory: 14283M
 Large Page Support: Disabled
 NUMA Support: Disabled
 Compressed Oops: Enabled (Zero based)
 Heap Region Size: 2M
 Heap Min Capacity: 8M
 Heap Initial Capacity: 224M
 Heap Max Capacity: 3572M
 Pre-touch: Disabled
 Parallel Workers: 8
 Concurrent Workers: 2
 Concurrent Refinement Workers: 8
 Periodic GC: Disabled

Heap:
 garbage-first heap   total 229376K, used 56649K [0x0000000720c00000, 0x0000000800000000)
  region size 2048K, 27 young (55296K), 1 survivors (2048K)
 Metaspace       used 15668K, committed 15872K, reserved 1064960K
  class space    used 2155K, committed 2240K, reserved 1048576K

Heap Regions: E=young(eden), S=young(survivor), O=old, HS=humongous(starts), HC=humongous(continues), CS=collection set, F=free, OA=open archive, CA=closed archive, TAMS=top-at-mark-start (previous, next)
|   0|0x0000000720c00000, 0x0000000720e00000, 0x0000000720e00000|100%| O|  |TAMS 0x0000000720c00000, 0x0000000720c00000| Untracked 
|   1|0x0000000720e00000, 0x0000000720f81e00, 0x0000000721000000| 75%| O|  |TAMS 0x0000000720e00000, 0x0000000720e00000| Untracked 
|   2|0x0000000721000000, 0x0000000721200000, 0x0000000721200000|100%|HS|  |TAMS 0x0000000721000000, 0x0000000721000000| Complete 
|   3|0x0000000721200000, 0x0000000721200000, 0x0000000721400000|  0%| F|  |TAMS 0x0000000721200000, 0x0000000721200000| Untracked 
|   4|0x0000000721400000, 0x0000000721400000, 0x0000000721600000|  0%| F|  |TAMS 0x0000000721400000, 0x0000000721400000| Untracked 
|   5|0x0000000721600000, 0x0000000721600000, 0x0000000721800000|  0%| F|  |TAMS 0x0000000721600000, 0x0000000721600000| Untracked 
|   6|0x0000000721800000, 0x0000000721800000, 0x0000000721a00000|  0%| F|  |TAMS 0x0000000721800000, 0x0000000721800000| Untracked 
|   7|0x0000000721a00000, 0x0000000721a00000, 0x0000000721c00000|  0%| F|  |TAMS 0x0000000721a00000, 0x0000000721a00000| Untracked 
|   8|0x0000000721c00000, 0x0000000721c00000, 0x0000000721e00000|  0%| F|  |TAMS 0x0000000721c00000, 0x0000000721c00000| Untracked 
|   9|0x0000000721e00000, 0x0000000721e00000, 0x0000000722000000|  0%| F|  |TAMS 0x0000000721e00000, 0x0000000721e00000| Untracked 
|  10|0x0000000722000000, 0x0000000722000000, 0x0000000722200000|  0%| F|  |TAMS 0x0000000722000000, 0x0000000722000000| Untracked 
|  11|0x0000000722200000, 0x0000000722200000, 0x0000000722400000|  0%| F|  |TAMS 0x0000000722200000, 0x0000000722200000| Untracked 
|  12|0x0000000722400000, 0x0000000722400000, 0x0000000722600000|  0%| F|  |TAMS 0x0000000722400000, 0x0000000722400000| Untracked 
|  13|0x0000000722600000, 0x0000000722600000, 0x0000000722800000|  0%| F|  |TAMS 0x0000000722600000, 0x0000000722600000| Untracked 
|  14|0x0000000722800000, 0x0000000722800000, 0x0000000722a00000|  0%| F|  |TAMS 0x0000000722800000, 0x0000000722800000| Untracked 
|  15|0x0000000722a00000, 0x0000000722a00000, 0x0000000722c00000|  0%| F|  |TAMS 0x0000000722a00000, 0x0000000722a00000| Untracked 
|  16|0x0000000722c00000, 0x0000000722c00000, 0x0000000722e00000|  0%| F|  |TAMS 0x0000000722c00000, 0x0000000722c00000| Untracked 
|  17|0x0000000722e00000, 0x0000000722e00000, 0x0000000723000000|  0%| F|  |TAMS 0x0000000722e00000, 0x0000000722e00000| Untracked 
|  18|0x0000000723000000, 0x0000000723000000, 0x0000000723200000|  0%| F|  |TAMS 0x0000000723000000, 0x0000000723000000| Untracked 
|  19|0x0000000723200000, 0x0000000723200000, 0x0000000723400000|  0%| F|  |TAMS 0x0000000723200000, 0x0000000723200000| Untracked 
|  20|0x0000000723400000, 0x0000000723400000, 0x0000000723600000|  0%| F|  |TAMS 0x0000000723400000, 0x0000000723400000| Untracked 
|  21|0x0000000723600000, 0x0000000723600000, 0x0000000723800000|  0%| F|  |TAMS 0x0000000723600000, 0x0000000723600000| Untracked 
|  22|0x0000000723800000, 0x0000000723800000, 0x0000000723a00000|  0%| F|  |TAMS 0x0000000723800000, 0x0000000723800000| Untracked 
|  23|0x0000000723a00000, 0x0000000723a00000, 0x0000000723c00000|  0%| F|  |TAMS 0x0000000723a00000, 0x0000000723a00000| Untracked 
|  24|0x0000000723c00000, 0x0000000723c00000, 0x0000000723e00000|  0%| F|  |TAMS 0x0000000723c00000, 0x0000000723c00000| Untracked 
|  25|0x0000000723e00000, 0x0000000723e00000, 0x0000000724000000|  0%| F|  |TAMS 0x0000000723e00000, 0x0000000723e00000| Untracked 
|  26|0x0000000724000000, 0x0000000724000000, 0x0000000724200000|  0%| F|  |TAMS 0x0000000724000000, 0x0000000724000000| Untracked 
|  27|0x0000000724200000, 0x0000000724200000, 0x0000000724400000|  0%| F|  |TAMS 0x0000000724200000, 0x0000000724200000| Untracked 
|  28|0x0000000724400000, 0x0000000724400000, 0x0000000724600000|  0%| F|  |TAMS 0x0000000724400000, 0x0000000724400000| Untracked 
|  29|0x0000000724600000, 0x0000000724600000, 0x0000000724800000|  0%| F|  |TAMS 0x0000000724600000, 0x0000000724600000| Untracked 
|  30|0x0000000724800000, 0x0000000724800000, 0x0000000724a00000|  0%| F|  |TAMS 0x0000000724800000, 0x0000000724800000| Untracked 
|  31|0x0000000724a00000, 0x0000000724a00000, 0x0000000724c00000|  0%| F|  |TAMS 0x0000000724a00000, 0x0000000724a00000| Untracked 
|  32|0x0000000724c00000, 0x0000000724c00000, 0x0000000724e00000|  0%| F|  |TAMS 0x0000000724c00000, 0x0000000724c00000| Untracked 
|  33|0x0000000724e00000, 0x0000000724e00000, 0x0000000725000000|  0%| F|  |TAMS 0x0000000724e00000, 0x0000000724e00000| Untracked 
|  34|0x0000000725000000, 0x0000000725000000, 0x0000000725200000|  0%| F|  |TAMS 0x0000000725000000, 0x0000000725000000| Untracked 
|  35|0x0000000725200000, 0x0000000725200000, 0x0000000725400000|  0%| F|  |TAMS 0x0000000725200000, 0x0000000725200000| Untracked 
|  36|0x0000000725400000, 0x0000000725400000, 0x0000000725600000|  0%| F|  |TAMS 0x0000000725400000, 0x0000000725400000| Untracked 
|  37|0x0000000725600000, 0x0000000725600000, 0x0000000725800000|  0%| F|  |TAMS 0x0000000725600000, 0x0000000725600000| Untracked 
|  38|0x0000000725800000, 0x0000000725800000, 0x0000000725a00000|  0%| F|  |TAMS 0x0000000725800000, 0x0000000725800000| Untracked 
|  39|0x0000000725a00000, 0x0000000725a00000, 0x0000000725c00000|  0%| F|  |TAMS 0x0000000725a00000, 0x0000000725a00000| Untracked 
|  40|0x0000000725c00000, 0x0000000725c00000, 0x0000000725e00000|  0%| F|  |TAMS 0x0000000725c00000, 0x0000000725c00000| Untracked 
|  41|0x0000000725e00000, 0x0000000725e00000, 0x0000000726000000|  0%| F|  |TAMS 0x0000000725e00000, 0x0000000725e00000| Untracked 
|  42|0x0000000726000000, 0x0000000726000000, 0x0000000726200000|  0%| F|  |TAMS 0x0000000726000000, 0x0000000726000000| Untracked 
|  43|0x0000000726200000, 0x0000000726200000, 0x0000000726400000|  0%| F|  |TAMS 0x0000000726200000, 0x0000000726200000| Untracked 
|  44|0x0000000726400000, 0x0000000726400000, 0x0000000726600000|  0%| F|  |TAMS 0x0000000726400000, 0x0000000726400000| Untracked 
|  45|0x0000000726600000, 0x0000000726600000, 0x0000000726800000|  0%| F|  |TAMS 0x0000000726600000, 0x0000000726600000| Untracked 
|  46|0x0000000726800000, 0x0000000726800000, 0x0000000726a00000|  0%| F|  |TAMS 0x0000000726800000, 0x0000000726800000| Untracked 
|  47|0x0000000726a00000, 0x0000000726a00000, 0x0000000726c00000|  0%| F|  |TAMS 0x0000000726a00000, 0x0000000726a00000| Untracked 
|  48|0x0000000726c00000, 0x0000000726c00000, 0x0000000726e00000|  0%| F|  |TAMS 0x0000000726c00000, 0x0000000726c00000| Untracked 
|  49|0x0000000726e00000, 0x0000000726e00000, 0x0000000727000000|  0%| F|  |TAMS 0x0000000726e00000, 0x0000000726e00000| Untracked 
|  50|0x0000000727000000, 0x0000000727000000, 0x0000000727200000|  0%| F|  |TAMS 0x0000000727000000, 0x0000000727000000| Untracked 
|  51|0x0000000727200000, 0x0000000727200000, 0x0000000727400000|  0%| F|  |TAMS 0x0000000727200000, 0x0000000727200000| Untracked 
|  52|0x0000000727400000, 0x0000000727400000, 0x0000000727600000|  0%| F|  |TAMS 0x0000000727400000, 0x0000000727400000| Untracked 
|  53|0x0000000727600000, 0x0000000727600000, 0x0000000727800000|  0%| F|  |TAMS 0x0000000727600000, 0x0000000727600000| Untracked 
|  54|0x0000000727800000, 0x0000000727800000, 0x0000000727a00000|  0%| F|  |TAMS 0x0000000727800000, 0x0000000727800000| Untracked 
|  55|0x0000000727a00000, 0x0000000727a00000, 0x0000000727c00000|  0%| F|  |TAMS 0x0000000727a00000, 0x0000000727a00000| Untracked 
|  56|0x0000000727c00000, 0x0000000727c00000, 0x0000000727e00000|  0%| F|  |TAMS 0x0000000727c00000, 0x0000000727c00000| Untracked 
|  57|0x0000000727e00000, 0x0000000727e00000, 0x0000000728000000|  0%| F|  |TAMS 0x0000000727e00000, 0x0000000727e00000| Untracked 
|  58|0x0000000728000000, 0x0000000728000000, 0x0000000728200000|  0%| F|  |TAMS 0x0000000728000000, 0x0000000728000000| Untracked 
|  59|0x0000000728200000, 0x0000000728200000, 0x0000000728400000|  0%| F|  |TAMS 0x0000000728200000, 0x0000000728200000| Untracked 
|  60|0x0000000728400000, 0x0000000728400000, 0x0000000728600000|  0%| F|  |TAMS 0x0000000728400000, 0x0000000728400000| Untracked 
|  61|0x0000000728600000, 0x0000000728600000, 0x0000000728800000|  0%| F|  |TAMS 0x0000000728600000, 0x0000000728600000| Untracked 
|  62|0x0000000728800000, 0x0000000728800000, 0x0000000728a00000|  0%| F|  |TAMS 0x0000000728800000, 0x0000000728800000| Untracked 
|  63|0x0000000728a00000, 0x0000000728a00000, 0x0000000728c00000|  0%| F|  |TAMS 0x0000000728a00000, 0x0000000728a00000| Untracked 
|  64|0x0000000728c00000, 0x0000000728c00000, 0x0000000728e00000|  0%| F|  |TAMS 0x0000000728c00000, 0x0000000728c00000| Untracked 
|  65|0x0000000728e00000, 0x0000000728e00000, 0x0000000729000000|  0%| F|  |TAMS 0x0000000728e00000, 0x0000000728e00000| Untracked 
|  66|0x0000000729000000, 0x0000000729000000, 0x0000000729200000|  0%| F|  |TAMS 0x0000000729000000, 0x0000000729000000| Untracked 
|  67|0x0000000729200000, 0x0000000729200000, 0x0000000729400000|  0%| F|  |TAMS 0x0000000729200000, 0x0000000729200000| Untracked 
|  68|0x0000000729400000, 0x0000000729400000, 0x0000000729600000|  0%| F|  |TAMS 0x0000000729400000, 0x0000000729400000| Untracked 
|  69|0x0000000729600000, 0x0000000729600000, 0x0000000729800000|  0%| F|  |TAMS 0x0000000729600000, 0x0000000729600000| Untracked 
|  70|0x0000000729800000, 0x0000000729800000, 0x0000000729a00000|  0%| F|  |TAMS 0x0000000729800000, 0x0000000729800000| Untracked 
|  71|0x0000000729a00000, 0x0000000729a00000, 0x0000000729c00000|  0%| F|  |TAMS 0x0000000729a00000, 0x0000000729a00000| Untracked 
|  72|0x0000000729c00000, 0x0000000729c00000, 0x0000000729e00000|  0%| F|  |TAMS 0x0000000729c00000, 0x0000000729c00000| Untracked 
|  73|0x0000000729e00000, 0x0000000729e00000, 0x000000072a000000|  0%| F|  |TAMS 0x0000000729e00000, 0x0000000729e00000| Untracked 
|  74|0x000000072a000000, 0x000000072a000000, 0x000000072a200000|  0%| F|  |TAMS 0x000000072a000000, 0x000000072a000000| Untracked 
|  75|0x000000072a200000, 0x000000072a200000, 0x000000072a400000|  0%| F|  |TAMS 0x000000072a200000, 0x000000072a200000| Untracked 
|  76|0x000000072a400000, 0x000000072a400000, 0x000000072a600000|  0%| F|  |TAMS 0x000000072a400000, 0x000000072a400000| Untracked 
|  77|0x000000072a600000, 0x000000072a600000, 0x000000072a800000|  0%| F|  |TAMS 0x000000072a600000, 0x000000072a600000| Untracked 
|  78|0x000000072a800000, 0x000000072a800000, 0x000000072aa00000|  0%| F|  |TAMS 0x000000072a800000, 0x000000072a800000| Untracked 
|  79|0x000000072aa00000, 0x000000072aa00000, 0x000000072ac00000|  0%| F|  |TAMS 0x000000072aa00000, 0x000000072aa00000| Untracked 
|  80|0x000000072ac00000, 0x000000072ac00000, 0x000000072ae00000|  0%| F|  |TAMS 0x000000072ac00000, 0x000000072ac00000| Untracked 
|  81|0x000000072ae00000, 0x000000072ae00000, 0x000000072b000000|  0%| F|  |TAMS 0x000000072ae00000, 0x000000072ae00000| Untracked 
|  82|0x000000072b000000, 0x000000072b000000, 0x000000072b200000|  0%| F|  |TAMS 0x000000072b000000, 0x000000072b000000| Untracked 
|  83|0x000000072b200000, 0x000000072b200000, 0x000000072b400000|  0%| F|  |TAMS 0x000000072b200000, 0x000000072b200000| Untracked 
|  84|0x000000072b400000, 0x000000072b400000, 0x000000072b600000|  0%| F|  |TAMS 0x000000072b400000, 0x000000072b400000| Untracked 
|  85|0x000000072b600000, 0x000000072b800000, 0x000000072b800000|100%| E|  |TAMS 0x000000072b600000, 0x000000072b600000| Complete 
|  86|0x000000072b800000, 0x000000072ba00000, 0x000000072ba00000|100%| E|CS|TAMS 0x000000072b800000, 0x000000072b800000| Complete 
|  87|0x000000072ba00000, 0x000000072bc00000, 0x000000072bc00000|100%| E|CS|TAMS 0x000000072ba00000, 0x000000072ba00000| Complete 
|  88|0x000000072bc00000, 0x000000072be00000, 0x000000072be00000|100%| E|  |TAMS 0x000000072bc00000, 0x000000072bc00000| Complete 
|  89|0x000000072be00000, 0x000000072c000000, 0x000000072c000000|100%| E|CS|TAMS 0x000000072be00000, 0x000000072be00000| Complete 
|  90|0x000000072c000000, 0x000000072c200000, 0x000000072c200000|100%| E|CS|TAMS 0x000000072c000000, 0x000000072c000000| Complete 
|  91|0x000000072c200000, 0x000000072c400000, 0x000000072c400000|100%| E|CS|TAMS 0x000000072c200000, 0x000000072c200000| Complete 
|  92|0x000000072c400000, 0x000000072c600000, 0x000000072c600000|100%| E|CS|TAMS 0x000000072c400000, 0x000000072c400000| Complete 
|  93|0x000000072c600000, 0x000000072c7d0990, 0x000000072c800000| 90%| S|CS|TAMS 0x000000072c600000, 0x000000072c600000| Complete 
|  94|0x000000072c800000, 0x000000072ca00000, 0x000000072ca00000|100%| E|CS|TAMS 0x000000072c800000, 0x000000072c800000| Complete 
|  95|0x000000072ca00000, 0x000000072cc00000, 0x000000072cc00000|100%| E|CS|TAMS 0x000000072ca00000, 0x000000072ca00000| Complete 
|  96|0x000000072cc00000, 0x000000072ce00000, 0x000000072ce00000|100%| E|CS|TAMS 0x000000072cc00000, 0x000000072cc00000| Complete 
|  97|0x000000072ce00000, 0x000000072d000000, 0x000000072d000000|100%| E|CS|TAMS 0x000000072ce00000, 0x000000072ce00000| Complete 
|  98|0x000000072d000000, 0x000000072d200000, 0x000000072d200000|100%| E|CS|TAMS 0x000000072d000000, 0x000000072d000000| Complete 
|  99|0x000000072d200000, 0x000000072d400000, 0x000000072d400000|100%| E|CS|TAMS 0x000000072d200000, 0x000000072d200000| Complete 
| 100|0x000000072d400000, 0x000000072d600000, 0x000000072d600000|100%| E|CS|TAMS 0x000000072d400000, 0x000000072d400000| Complete 
| 101|0x000000072d600000, 0x000000072d800000, 0x000000072d800000|100%| E|CS|TAMS 0x000000072d600000, 0x000000072d600000| Complete 
| 102|0x000000072d800000, 0x000000072da00000, 0x000000072da00000|100%| E|CS|TAMS 0x000000072d800000, 0x000000072d800000| Complete 
| 103|0x000000072da00000, 0x000000072dc00000, 0x000000072dc00000|100%| E|CS|TAMS 0x000000072da00000, 0x000000072da00000| Complete 
| 104|0x000000072dc00000, 0x000000072de00000, 0x000000072de00000|100%| E|CS|TAMS 0x000000072dc00000, 0x000000072dc00000| Complete 
| 105|0x000000072de00000, 0x000000072e000000, 0x000000072e000000|100%| E|CS|TAMS 0x000000072de00000, 0x000000072de00000| Complete 
| 106|0x000000072e000000, 0x000000072e200000, 0x000000072e200000|100%| E|CS|TAMS 0x000000072e000000, 0x000000072e000000| Complete 
| 107|0x000000072e200000, 0x000000072e400000, 0x000000072e400000|100%| E|CS|TAMS 0x000000072e200000, 0x000000072e200000| Complete 
| 108|0x000000072e400000, 0x000000072e600000, 0x000000072e600000|100%| E|CS|TAMS 0x000000072e400000, 0x000000072e400000| Complete 
| 109|0x000000072e600000, 0x000000072e800000, 0x000000072e800000|100%| E|CS|TAMS 0x000000072e600000, 0x000000072e600000| Complete 
| 110|0x000000072e800000, 0x000000072ea00000, 0x000000072ea00000|100%| E|CS|TAMS 0x000000072e800000, 0x000000072e800000| Complete 
| 111|0x000000072ea00000, 0x000000072ec00000, 0x000000072ec00000|100%| E|CS|TAMS 0x000000072ea00000, 0x000000072ea00000| Complete 

Card table byte_map: [0x0000024df3310000,0x0000024df3a10000] _byte_map_base: 0x0000024defa0a000

Marking Bits (Prev, Next): (CMBitMap*) 0x0000024ddc130850, (CMBitMap*) 0x0000024ddc130890
 Prev Bits: [0x0000024df4110000, 0x0000024df78e0000)
 Next Bits: [0x0000024df78e0000, 0x0000024dfb0b0000)

Polling page: 0x0000024dda0b0000

Metaspace:

Usage:
  Non-class:     13.20 MB used.
      Class:      2.10 MB used.
       Both:     15.30 MB used.

Virtual space:
  Non-class space:       16.00 MB reserved,      13.31 MB ( 83%) committed,  2 nodes.
      Class space:        1.00 GB reserved,       2.19 MB ( <1%) committed,  1 nodes.
             Both:        1.02 GB reserved,      15.50 MB (  1%) committed. 

Chunk freelists:
   Non-Class:  1.84 MB
       Class:  1.83 MB
        Both:  3.67 MB

MaxMetaspaceSize: unlimited
CompressedClassSpaceSize: 1.00 GB
Initial GC threshold: 21.00 MB
Current GC threshold: 21.00 MB
CDS: on
MetaspaceReclaimPolicy: balanced
 - commit_granule_bytes: 65536.
 - commit_granule_words: 8192.
 - virtual_space_node_default_size: 1048576.
 - enlarge_chunks_in_place: 1.
 - new_chunks_are_fully_committed: 0.
 - uncommit_free_chunks: 1.
 - use_allocation_guard: 0.
 - handle_deallocations: 1.


Internal statistics:

num_allocs_failed_limit: 0.
num_arena_births: 156.
num_arena_deaths: 0.
num_vsnodes_births: 3.
num_vsnodes_deaths: 0.
num_space_committed: 248.
num_space_uncommitted: 0.
num_chunks_returned_to_freelist: 0.
num_chunks_taken_from_freelist: 628.
num_chunk_merges: 0.
num_chunk_splits: 444.
num_chunks_enlarged: 362.
num_purges: 0.
num_inconsistent_stats: 0.

CodeHeap 'non-profiled nmethods': size=120000Kb used=1624Kb max_used=1624Kb free=118375Kb
 bounds [0x0000024deb3b0000, 0x0000024deb620000, 0x0000024df28e0000]
CodeHeap 'profiled nmethods': size=120000Kb used=5029Kb max_used=5029Kb free=114970Kb
 bounds [0x0000024de3e80000, 0x0000024de4370000, 0x0000024deb3b0000]
CodeHeap 'non-nmethods': size=5760Kb used=1491Kb max_used=1560Kb free=4268Kb
 bounds [0x0000024de38e0000, 0x0000024de3b50000, 0x0000024de3e80000]
 total_blobs=3261 nmethods=2484 adapters=689
 compilation: enabled
              stopped_count=0, restarted_count=0
 full_count=0

Compilation events (20 events):
Event: 9.325 Thread 0x0000024dfdad55c0 nmethod 2488 0x0000024de4361790 code [0x0000024de4361940, 0x0000024de4361b68]
Event: 9.325 Thread 0x0000024dfdad55c0 2489       3       java.util.concurrent.locks.AbstractQueuedSynchronizer$ConditionObject::canReacquire (28 bytes)
Event: 9.325 Thread 0x0000024dfdad55c0 nmethod 2489 0x0000024de4361c10 code [0x0000024de4361dc0, 0x0000024de4362118]
Event: 9.393 Thread 0x0000024dfdad55c0 2490       3       javafx.beans.property.BooleanPropertyBase::isBound (13 bytes)
Event: 9.394 Thread 0x0000024dfdad55c0 nmethod 2490 0x0000024de4362290 code [0x0000024de4362420, 0x0000024de4362598]
Event: 9.411 Thread 0x0000024dfdad55c0 2493       3       java.lang.invoke.InnerClassLambdaMetafactory$ForwardingMethodGenerator::convertArgumentTypes (96 bytes)
Event: 9.412 Thread 0x0000024dfdad55c0 nmethod 2493 0x0000024de4362610 code [0x0000024de4362860, 0x0000024de4363338]
Event: 9.412 Thread 0x0000024dfdad55c0 2491       3       java.lang.invoke.InnerClassLambdaMetafactory$ForwardingMethodGenerator::generate (272 bytes)
Event: 9.414 Thread 0x0000024dfdad55c0 nmethod 2491 0x0000024de4363890 code [0x0000024de4363c20, 0x0000024de4365968]
Event: 9.414 Thread 0x0000024dfdad55c0 2492       3       jdk.internal.org.objectweb.asm.MethodVisitor::visitCode (15 bytes)
Event: 9.414 Thread 0x0000024dfdad55c0 nmethod 2492 0x0000024de4366290 code [0x0000024de4366440, 0x0000024de4366668]
Event: 9.414 Thread 0x0000024dfdad55c0 2494       3       java.lang.invoke.InnerClassLambdaMetafactory$ForwardingMethodGenerator::invocationOpcode (104 bytes)
Event: 9.415 Thread 0x0000024dfdad55c0 nmethod 2494 0x0000024de4366710 code [0x0000024de4366980, 0x0000024de43671b8]
Event: 9.415 Thread 0x0000024dfdad55c0 2495       3       jdk.internal.org.objectweb.asm.MethodVisitor::visitMethodInsn (80 bytes)
Event: 9.415 Thread 0x0000024dfdad55c0 nmethod 2495 0x0000024de4367490 code [0x0000024de4367680, 0x0000024de4367bc8]
Event: 9.415 Thread 0x0000024dfdad4cc0 2497       4       java.lang.invoke.MethodType::hashCode (53 bytes)
Event: 9.415 Thread 0x0000024dfdad55c0 2496       3       java.lang.invoke.InnerClassLambdaMetafactory::getReturnOpcode (20 bytes)
Event: 9.416 Thread 0x0000024dfdad55c0 nmethod 2496 0x0000024de4367d10 code [0x0000024de4367ec0, 0x0000024de4368068]
Event: 9.416 Thread 0x0000024dfdad55c0 2498       3       java.lang.invoke.MethodHandles$Lookup::defineHiddenClass (69 bytes)
Event: 9.417 Thread 0x0000024dfdad55c0 nmethod 2498 0x0000024de4368110 code [0x0000024de4368420, 0x0000024de4369218]

GC Heap History (4 events):
Event: 1.337 GC heap before
{Heap before GC invocations=0 (full 0):
 garbage-first heap   total 229376K, used 22528K [0x0000000720c00000, 0x0000000800000000)
  region size 2048K, 11 young (22528K), 0 survivors (0K)
 Metaspace       used 4934K, committed 5056K, reserved 1056768K
  class space    used 478K, committed 512K, reserved 1048576K
}
Event: 1.342 GC heap after
{Heap after GC invocations=1 (full 0):
 garbage-first heap   total 229376K, used 3674K [0x0000000720c00000, 0x0000000800000000)
  region size 2048K, 2 young (4096K), 2 survivors (4096K)
 Metaspace       used 4934K, committed 5056K, reserved 1056768K
  class space    used 478K, committed 512K, reserved 1048576K
}
Event: 1.969 GC heap before
{Heap before GC invocations=1 (full 0):
 garbage-first heap   total 229376K, used 36442K [0x0000000720c00000, 0x0000000800000000)
  region size 2048K, 18 young (36864K), 2 survivors (4096K)
 Metaspace       used 8887K, committed 9088K, reserved 1064960K
  class space    used 1024K, committed 1088K, reserved 1048576K
}
Event: 1.975 GC heap after
{Heap after GC invocations=2 (full 0):
 garbage-first heap   total 229376K, used 5449K [0x0000000720c00000, 0x0000000800000000)
  region size 2048K, 1 young (2048K), 1 survivors (2048K)
 Metaspace       used 8887K, committed 9088K, reserved 1064960K
  class space    used 1024K, committed 1088K, reserved 1048576K
}

Deoptimization events (20 events):
Event: 4.878 Thread 0x0000024dfe5da840 DEOPT PACKING pc=0x0000024deb5165e8 sp=0x000000fab51fdeb0
Event: 4.878 Thread 0x0000024dfe5da840 DEOPT UNPACKING pc=0x0000024de39323a3 sp=0x000000fab51fddc8 mode 2
Event: 4.881 Thread 0x0000024dfe5da840 DEOPT PACKING pc=0x0000024de42f7a9f sp=0x000000fab51fde40
Event: 4.881 Thread 0x0000024dfe5da840 DEOPT UNPACKING pc=0x0000024de3932b43 sp=0x000000fab51fd2b8 mode 0
Event: 4.882 Thread 0x0000024dfe5da840 DEOPT PACKING pc=0x0000024de42f7ac0 sp=0x000000fab51fde40
Event: 4.882 Thread 0x0000024dfe5da840 DEOPT UNPACKING pc=0x0000024de3932b43 sp=0x000000fab51fd2c8 mode 0
Event: 5.351 Thread 0x0000024dfe5da840 DEOPT PACKING pc=0x0000024de42f7ac0 sp=0x000000fab51fde40
Event: 5.351 Thread 0x0000024dfe5da840 DEOPT UNPACKING pc=0x0000024de3932b43 sp=0x000000fab51fd2c8 mode 0
Event: 5.352 Thread 0x0000024dfe5da840 DEOPT PACKING pc=0x0000024de42f7ac0 sp=0x000000fab51fde40
Event: 5.352 Thread 0x0000024dfe5da840 DEOPT UNPACKING pc=0x0000024de3932b43 sp=0x000000fab51fd2c8 mode 0
Event: 5.353 Thread 0x0000024dfe5da840 DEOPT PACKING pc=0x0000024de42f7a9f sp=0x000000fab51fde40
Event: 5.353 Thread 0x0000024dfe5da840 DEOPT UNPACKING pc=0x0000024de3932b43 sp=0x000000fab51fd2b8 mode 0
Event: 5.861 Thread 0x0000024dfe5da840 DEOPT PACKING pc=0x0000024de426077b sp=0x000000fab51fe1b0
Event: 5.861 Thread 0x0000024dfe5da840 DEOPT UNPACKING pc=0x0000024de3932b43 sp=0x000000fab51fd5d0 mode 0
Event: 8.864 Thread 0x0000024dfe5da840 DEOPT PACKING pc=0x0000024de42eb20f sp=0x000000fab51fdfb0
Event: 8.864 Thread 0x0000024dfe5da840 DEOPT UNPACKING pc=0x0000024de3932b43 sp=0x000000fab51fd488 mode 0
Event: 8.866 Thread 0x0000024dfe5da840 DEOPT PACKING pc=0x0000024de4252d42 sp=0x000000fab51fe170
Event: 8.866 Thread 0x0000024dfe5da840 DEOPT UNPACKING pc=0x0000024de3932b43 sp=0x000000fab51fd600 mode 0
Event: 9.417 Thread 0x0000024d858eb280 DEOPT PACKING pc=0x0000024de40a2bcc sp=0x000000fab68ff1c0
Event: 9.417 Thread 0x0000024d858eb280 DEOPT UNPACKING pc=0x0000024de3932b43 sp=0x000000fab68fe620 mode 1

Classes unloaded (0 events):
No events

Classes redefined (0 events):
No events

Internal exceptions (20 events):
Event: 1.399 Thread 0x0000024dfe5db1e0 Exception <a 'java/lang/NoSuchMethodError'{0x000000072e987138}: 'java.lang.Object java.lang.invoke.DirectMethodHandle$Holder.invokeSpecial(java.lang.Object, java.lang.Object, java.lang.Object, int, java.lang.Object)'> (0x000000072e987138) 
thrown [t:\workspace\open\src\hotspot\share\interpreter\linkResolver.cpp, line 766]
Event: 1.542 Thread 0x0000024dfe5d8b60 Exception <a 'java/lang/NoSuchMethodError'{0x000000072e26ead0}: 'void java.lang.invoke.DirectMethodHandle$Holder.invokeStaticInit(java.lang.Object)'> (0x000000072e26ead0) 
thrown [t:\workspace\open\src\hotspot\share\interpreter\linkResolver.cpp, line 766]
Event: 1.547 Thread 0x0000024dfe5db1e0 Exception <a 'java/lang/NoSuchMethodError'{0x000000072e2ac238}: 'void java.lang.invoke.DirectMethodHandle$Holder.invokeStatic(java.lang.Object, java.lang.Object, java.lang.Object, java.lang.Object)'> (0x000000072e2ac238) 
thrown [t:\workspace\open\src\hotspot\share\interpreter\linkResolver.cpp, line 766]
Event: 1.684 Thread 0x0000024dfe5d8b60 Exception <a 'java/lang/ClassNotFoundException'{0x000000072db30670}: sun/awt/resources/spi/awtProvider> (0x000000072db30670) 
thrown [t:\workspace\open\src\hotspot\share\classfile\systemDictionary.cpp, line 256]
Event: 1.691 Thread 0x0000024dfe5d8b60 Exception <a 'java/io/FileNotFoundException'{0x000000072db36cc8}> (0x000000072db36cc8) 
thrown [t:\workspace\open\src\hotspot\share\prims\jni.cpp, line 516]
Event: 1.692 Thread 0x0000024dfe5d8b60 Exception <a 'java/io/FileNotFoundException'{0x000000072db381e8}> (0x000000072db381e8) 
thrown [t:\workspace\open\src\hotspot\share\prims\jni.cpp, line 516]
Event: 1.790 Thread 0x0000024dfe5d8b60 Exception <a 'java/lang/NoSuchMethodError'{0x000000072d1431e8}: 'java.lang.Object java.lang.invoke.DirectMethodHandle$Holder.invokeStaticInit(java.lang.Object, java.lang.Object, java.lang.Object, java.lang.Object)'> (0x000000072d1431e8) 
thrown [t:\workspace\open\src\hotspot\share\interpreter\linkResolver.cpp, line 766]
Event: 1.793 Thread 0x0000024dfe5d8b60 Exception <a 'java/lang/NullPointerException'{0x000000072d152d58}> (0x000000072d152d58) 
thrown [t:\workspace\open\src\hotspot\share\interpreter\linkResolver.cpp, line 1357]
Event: 1.809 Thread 0x0000024dfe5d8b60 Exception <a 'java/lang/NoSuchMethodError'{0x000000072ce13a98}: 'java.lang.Object java.lang.invoke.DirectMethodHandle$Holder.invokeInterface(java.lang.Object, java.lang.Object)'> (0x000000072ce13a98) 
thrown [t:\workspace\open\src\hotspot\share\interpreter\linkResolver.cpp, line 766]
Event: 2.045 Thread 0x0000024dfe5d8b60 Exception <a 'java/lang/NoSuchMethodError'{0x000000072e9188e8}: 'void java.lang.invoke.DirectMethodHandle$Holder.invokeStaticInit(java.lang.Object, java.lang.Object)'> (0x000000072e9188e8) 
thrown [t:\workspace\open\src\hotspot\share\interpreter\linkResolver.cpp, line 766]
Event: 2.089 Thread 0x0000024dfe5d8b60 Exception <a 'java/lang/NoSuchMethodError'{0x000000072e69d328}: 'void java.lang.invoke.DirectMethodHandle$Holder.invokeSpecial(java.lang.Object, java.lang.Object, java.lang.Object, java.lang.Object, java.lang.Object)'> (0x000000072e69d328) 
thrown [t:\workspace\open\src\hotspot\share\interpreter\linkResolver.cpp, line 766]
Event: 2.625 Thread 0x0000024dfe5d8b60 Exception <a 'java/io/FileNotFoundException'{0x000000072d650130}> (0x000000072d650130) 
thrown [t:\workspace\open\src\hotspot\share\prims\jni.cpp, line 516]
Event: 2.820 Thread 0x0000024dfe5d8b60 Exception <a 'java/lang/NoSuchMethodError'{0x000000072d3e2a28}: 'java.lang.Object java.lang.invoke.DirectMethodHandle$Holder.invokeInterface(java.lang.Object, java.lang.Object, java.lang.Object)'> (0x000000072d3e2a28) 
thrown [t:\workspace\open\src\hotspot\share\interpreter\linkResolver.cpp, line 766]
Event: 2.822 Thread 0x0000024dfe5d8b60 Exception <a 'java/lang/IncompatibleClassChangeError'{0x000000072d3e63b0}: Found class java.lang.Object, but interface was expected> (0x000000072d3e63b0) 
thrown [t:\workspace\open\src\hotspot\share\interpreter\linkResolver.cpp, line 833]
Event: 3.294 Thread 0x0000024dfe5d8b60 Exception <a 'java/lang/NoSuchMethodError'{0x000000072c008258}: 'java.lang.Object java.lang.invoke.DirectMethodHandle$Holder.newInvokeSpecial(java.lang.Object, java.lang.Object, int)'> (0x000000072c008258) 
thrown [t:\workspace\open\src\hotspot\share\interpreter\linkResolver.cpp, line 766]
Event: 3.330 Thread 0x0000024dfe5d8b60 Exception <a 'java/lang/NoSuchMethodError'{0x000000072c073158}: 'long java.lang.invoke.DirectMethodHandle$Holder.invokeStatic(java.lang.Object, java.lang.Object, java.lang.Object)'> (0x000000072c073158) 
thrown [t:\workspace\open\src\hotspot\share\interpreter\linkResolver.cpp, line 766]
Event: 3.331 Thread 0x0000024dfe5d8b60 Exception <a 'java/lang/NoSuchMethodError'{0x000000072c076ba8}: 'long java.lang.invoke.DirectMethodHandle$Holder.invokeStaticInit(java.lang.Object, java.lang.Object, java.lang.Object)'> (0x000000072c076ba8) 
thrown [t:\workspace\open\src\hotspot\share\interpreter\linkResolver.cpp, line 766]
Event: 3.338 Thread 0x0000024dfe5d8b60 Exception <a 'java/lang/NoSuchMethodError'{0x000000072c08ea58}: 'java.lang.Object java.lang.invoke.DirectMethodHandle$Holder.newInvokeSpecial(java.lang.Object, java.lang.Object, long)'> (0x000000072c08ea58) 
thrown [t:\workspace\open\src\hotspot\share\interpreter\linkResolver.cpp, line 766]
Event: 3.338 Thread 0x0000024dfe5d8b60 Exception <a 'java/lang/NoSuchMethodError'{0x000000072c0925c8}: 'java.lang.Object java.lang.invoke.Invokers$Holder.linkToTargetMethod(java.lang.Object, long, java.lang.Object)'> (0x000000072c0925c8) 
thrown [t:\workspace\open\src\hotspot\share\interpreter\linkResolver.cpp, line 766]
Event: 3.365 Thread 0x0000024dfe5da840 Exception <a 'java/lang/NoSuchMethodError'{0x000000072c199590}: 'int java.lang.invoke.DirectMethodHandle$Holder.invokeStaticInit(java.lang.Object, java.lang.Object)'> (0x000000072c199590) 
thrown [t:\workspace\open\src\hotspot\share\interpreter\linkResolver.cpp, line 766]

VM Operations (20 events):
Event: 1.343 Executing VM operation: G1CollectForAllocation done
Event: 1.344 Executing VM operation: Cleanup
Event: 1.344 Executing VM operation: Cleanup done
Event: 1.377 Executing VM operation: HandshakeAllThreads
Event: 1.377 Executing VM operation: HandshakeAllThreads done
Event: 1.547 Executing VM operation: HandshakeAllThreads
Event: 1.547 Executing VM operation: HandshakeAllThreads done
Event: 1.969 Executing VM operation: G1CollectForAllocation
Event: 1.975 Executing VM operation: G1CollectForAllocation done
Event: 1.975 Executing VM operation: Cleanup
Event: 1.975 Executing VM operation: Cleanup done
Event: 2.778 Executing VM operation: HandshakeAllThreads
Event: 2.779 Executing VM operation: HandshakeAllThreads done
Event: 3.779 Executing VM operation: Cleanup
Event: 3.779 Executing VM operation: Cleanup done
Event: 5.780 Executing VM operation: Cleanup
Event: 5.780 Executing VM operation: Cleanup done
Event: 6.781 Executing VM operation: Cleanup
Event: 6.781 Executing VM operation: Cleanup done
Event: 9.418 Executing VM operation: Exit

Events (20 events):
Event: 3.500 loading class jdk/internal/reflect/UnsafeQualifiedStaticObjectFieldAccessorImpl done
Event: 3.857 Thread 0x0000024d80ca52f0 Thread exited: 0x0000024d80ca52f0
Event: 3.969 Thread 0x0000024d8029f310 Thread exited: 0x0000024d8029f310
Event: 4.120 loading class java/util/EnumMap$Values
Event: 4.120 loading class java/util/EnumMap$Values done
Event: 4.120 loading class java/util/EnumMap$ValueIterator
Event: 4.120 loading class java/util/EnumMap$EnumMapIterator
Event: 4.120 loading class java/util/EnumMap$EnumMapIterator done
Event: 4.120 loading class java/util/EnumMap$ValueIterator done
Event: 4.864 loading class java/io/UnsupportedEncodingException
Event: 4.864 loading class java/io/UnsupportedEncodingException done
Event: 9.414 Thread 0x0000024d85fca600 Thread added: 0x0000024d85fca600
Event: 9.414 Thread 0x0000024d858eb280 Thread added: 0x0000024d858eb280
Event: 9.415 Thread 0x0000024d85fca600 Thread exited: 0x0000024d85fca600
Event: 9.417 loading class java/util/LinkedList$ListItr
Event: 9.417 loading class java/util/LinkedList$ListItr done
Event: 9.417 Thread 0x0000024d858eb280 Thread exited: 0x0000024d858eb280
Event: 9.418 Thread 0x0000024dfe73c970 Thread exited: 0x0000024dfe73c970
Event: 9.418 Thread 0x0000024dfe73d6e0 Thread exited: 0x0000024dfe73d6e0
Event: 9.418 Thread 0x0000024dfdac3e60 Thread exited: 0x0000024dfdac3e60


Dynamic libraries:
0x00007ff6dd390000 - 0x00007ff6dd39e000 	C:\Program Files\Java\jdk-17\bin\javaw.exe
0x00007ffb11110000 - 0x00007ffb11305000 	C:\WINDOWS\SYSTEM32\ntdll.dll
0x00007ffb11010000 - 0x00007ffb110ce000 	C:\WINDOWS\System32\KERNEL32.DLL
0x00007ffb0ed80000 - 0x00007ffb0f049000 	C:\WINDOWS\System32\KERNELBASE.dll
0x00007ffb0eb90000 - 0x00007ffb0ec90000 	C:\WINDOWS\System32\ucrtbase.dll
0x00007ffb07110000 - 0x00007ffb07128000 	C:\Program Files\Java\jdk-17\bin\jli.dll
0x00007ffb00910000 - 0x00007ffb0092a000 	C:\Program Files\Java\jdk-17\bin\VCRUNTIME140.dll
0x00007ffb0f7f0000 - 0x00007ffb0f991000 	C:\WINDOWS\System32\USER32.dll
0x00007ffb0ea70000 - 0x00007ffb0ea92000 	C:\WINDOWS\System32\win32u.dll
0x00007ffaec960000 - 0x00007ffaecbfa000 	C:\WINDOWS\WinSxS\amd64_microsoft.windows.common-controls_6595b64144ccf1df_6.0.19041.1110_none_60b5254171f9507e\COMCTL32.dll
0x00007ffb10580000 - 0x00007ffb105ab000 	C:\WINDOWS\System32\GDI32.dll
0x00007ffb0f050000 - 0x00007ffb0f15b000 	C:\WINDOWS\System32\gdi32full.dll
0x00007ffb10ea0000 - 0x00007ffb10f3e000 	C:\WINDOWS\System32\msvcrt.dll
0x00007ffb0ec90000 - 0x00007ffb0ed2d000 	C:\WINDOWS\System32\msvcp_win.dll
0x00007ffb10550000 - 0x00007ffb10580000 	C:\WINDOWS\System32\IMM32.DLL
0x00007ffb08eb0000 - 0x00007ffb08ebc000 	C:\Program Files\Java\jdk-17\bin\vcruntime140_1.dll
0x00007ffaff4a0000 - 0x00007ffaff52d000 	C:\Program Files\Java\jdk-17\bin\msvcp140.dll
0x00007ffa60b50000 - 0x00007ffa6170e000 	C:\Program Files\Java\jdk-17\bin\server\jvm.dll
0x00007ffb0fc80000 - 0x00007ffb0fd2c000 	C:\WINDOWS\System32\ADVAPI32.dll
0x00007ffb10240000 - 0x00007ffb102db000 	C:\WINDOWS\System32\sechost.dll
0x00007ffb103c0000 - 0x00007ffb104ea000 	C:\WINDOWS\System32\RPCRT4.dll
0x00007ffb0fc70000 - 0x00007ffb0fc78000 	C:\WINDOWS\System32\PSAPI.DLL
0x00007ffb02a20000 - 0x00007ffb02a2a000 	C:\WINDOWS\SYSTEM32\VERSION.dll
0x00007ffb01f00000 - 0x00007ffb01f27000 	C:\WINDOWS\SYSTEM32\WINMM.dll
0x00007ffaff880000 - 0x00007ffaff889000 	C:\WINDOWS\SYSTEM32\WSOCK32.dll
0x00007ffb0f9b0000 - 0x00007ffb0fa1b000 	C:\WINDOWS\System32\WS2_32.dll
0x00007ffb0d0e0000 - 0x00007ffb0d0f2000 	C:\WINDOWS\SYSTEM32\kernel.appcore.dll
0x00007ffb08e70000 - 0x00007ffb08e7a000 	C:\Program Files\Java\jdk-17\bin\jimage.dll
0x00007ffb0c5c0000 - 0x00007ffb0c7a4000 	C:\WINDOWS\SYSTEM32\DBGHELP.DLL
0x00007ffb01cf0000 - 0x00007ffb01d1c000 	C:\WINDOWS\SYSTEM32\dbgcore.DLL
0x00007ffb0eaa0000 - 0x00007ffb0eb23000 	C:\WINDOWS\System32\bcryptPrimitives.dll
0x00007ffaff6b0000 - 0x00007ffaff6eb000 	C:\Program Files\Java\jdk-17\bin\jdwp.dll
0x00007ffb07c40000 - 0x00007ffb07c4e000 	C:\Program Files\Java\jdk-17\bin\instrument.dll
0x00007ffaff470000 - 0x00007ffaff495000 	C:\Program Files\Java\jdk-17\bin\java.dll
0x00007ffab6190000 - 0x00007ffab6266000 	C:\Program Files\Java\jdk-17\bin\svml.dll
0x00007ffb10760000 - 0x00007ffb10e9f000 	C:\WINDOWS\System32\SHELL32.dll
0x00007ffb0c7b0000 - 0x00007ffb0cf40000 	C:\WINDOWS\SYSTEM32\windows.storage.dll
0x00007ffb0fee0000 - 0x00007ffb10235000 	C:\WINDOWS\System32\combase.dll
0x00007ffb0e1b0000 - 0x00007ffb0e1dc000 	C:\WINDOWS\SYSTEM32\Wldp.dll
0x00007ffb0fa20000 - 0x00007ffb0face000 	C:\WINDOWS\System32\SHCORE.dll
0x00007ffb0fc00000 - 0x00007ffb0fc55000 	C:\WINDOWS\System32\shlwapi.dll
0x00007ffb0e770000 - 0x00007ffb0e78f000 	C:\WINDOWS\SYSTEM32\profapi.dll
0x00007ffb01ef0000 - 0x00007ffb01efc000 	C:\Program Files\Java\jdk-17\bin\dt_socket.dll
0x00007ffb0dc00000 - 0x00007ffb0dc3b000 	C:\WINDOWS\SYSTEM32\IPHLPAPI.DLL
0x00007ffb0df10000 - 0x00007ffb0df7a000 	C:\WINDOWS\system32\mswsock.dll
0x00007ffb0dc40000 - 0x00007ffb0dd0c000 	C:\WINDOWS\SYSTEM32\DNSAPI.dll
0x00007ffb0f9a0000 - 0x00007ffb0f9a8000 	C:\WINDOWS\System32\NSI.dll
0x00007ffb05c50000 - 0x00007ffb05c5a000 	C:\Windows\System32\rasadhlp.dll
0x00007ffaf0ee0000 - 0x00007ffaf0f5f000 	C:\WINDOWS\System32\fwpuclnt.dll
0x00007ffb0e830000 - 0x00007ffb0e857000 	C:\WINDOWS\System32\bcrypt.dll
0x00007ffb000d0000 - 0x00007ffb000e8000 	C:\Program Files\Java\jdk-17\bin\zip.dll
0x00007ffaffdb0000 - 0x00007ffaffdc9000 	C:\Program Files\Java\jdk-17\bin\net.dll
0x00007ffb01340000 - 0x00007ffb01448000 	C:\WINDOWS\SYSTEM32\WINHTTP.dll
0x00007ffaff690000 - 0x00007ffaff6a5000 	C:\Program Files\Java\jdk-17\bin\nio.dll
0x00007ffaff450000 - 0x00007ffaff460000 	C:\Program Files\Java\jdk-17\bin\verify.dll
0x0000024dda0f0000 - 0x0000024dda0f3000 	C:\Users\rober\.openjfx\cache\17\api-ms-win-core-console-l1-1-0.dll
0x0000024dda100000 - 0x0000024dda103000 	C:\Users\rober\.openjfx\cache\17\api-ms-win-core-console-l1-2-0.dll
0x0000024ddc080000 - 0x0000024ddc083000 	C:\Users\rober\.openjfx\cache\17\api-ms-win-core-datetime-l1-1-0.dll
0x0000024ddc090000 - 0x0000024ddc093000 	C:\Users\rober\.openjfx\cache\17\api-ms-win-core-debug-l1-1-0.dll
0x0000024ddc0a0000 - 0x0000024ddc0a3000 	C:\Users\rober\.openjfx\cache\17\api-ms-win-core-errorhandling-l1-1-0.dll
0x0000024ddc0b0000 - 0x0000024ddc0b4000 	C:\Users\rober\.openjfx\cache\17\api-ms-win-core-file-l1-1-0.dll
0x0000024dfdb30000 - 0x0000024dfdb33000 	C:\Users\rober\.openjfx\cache\17\api-ms-win-core-file-l1-2-0.dll
0x0000024dfdb40000 - 0x0000024dfdb43000 	C:\Users\rober\.openjfx\cache\17\api-ms-win-core-file-l2-1-0.dll
0x0000024dfdb50000 - 0x0000024dfdb53000 	C:\Users\rober\.openjfx\cache\17\api-ms-win-core-handle-l1-1-0.dll
0x0000024dfdb60000 - 0x0000024dfdb63000 	C:\Users\rober\.openjfx\cache\17\api-ms-win-core-heap-l1-1-0.dll
0x0000024dfdb70000 - 0x0000024dfdb73000 	C:\Users\rober\.openjfx\cache\17\api-ms-win-core-interlocked-l1-1-0.dll
0x0000024dfdb80000 - 0x0000024dfdb83000 	C:\Users\rober\.openjfx\cache\17\api-ms-win-core-libraryloader-l1-1-0.dll
0x0000024dfdb90000 - 0x0000024dfdb93000 	C:\Users\rober\.openjfx\cache\17\api-ms-win-core-localization-l1-2-0.dll
0x0000024dfdba0000 - 0x0000024dfdba3000 	C:\Users\rober\.openjfx\cache\17\api-ms-win-core-memory-l1-1-0.dll
0x0000024dfdbb0000 - 0x0000024dfdbb3000 	C:\Users\rober\.openjfx\cache\17\api-ms-win-core-namedpipe-l1-1-0.dll
0x0000024dfdbc0000 - 0x0000024dfdbc3000 	C:\Users\rober\.openjfx\cache\17\api-ms-win-core-processenvironment-l1-1-0.dll
0x0000024dfdbd0000 - 0x0000024dfdbd3000 	C:\Users\rober\.openjfx\cache\17\api-ms-win-core-processthreads-l1-1-0.dll
0x0000024dfdbe0000 - 0x0000024dfdbe3000 	C:\Users\rober\.openjfx\cache\17\api-ms-win-core-processthreads-l1-1-1.dll
0x0000024dfdbf0000 - 0x0000024dfdbf3000 	C:\Users\rober\.openjfx\cache\17\api-ms-win-core-profile-l1-1-0.dll
0x0000024dff440000 - 0x0000024dff443000 	C:\Users\rober\.openjfx\cache\17\api-ms-win-core-rtlsupport-l1-1-0.dll
0x0000024dff450000 - 0x0000024dff453000 	C:\Users\rober\.openjfx\cache\17\api-ms-win-core-string-l1-1-0.dll
0x0000024dff460000 - 0x0000024dff463000 	C:\Users\rober\.openjfx\cache\17\api-ms-win-core-synch-l1-1-0.dll
0x0000024dff470000 - 0x0000024dff473000 	C:\Users\rober\.openjfx\cache\17\api-ms-win-core-synch-l1-2-0.dll
0x0000024dff480000 - 0x0000024dff483000 	C:\Users\rober\.openjfx\cache\17\api-ms-win-core-sysinfo-l1-1-0.dll
0x0000024dff490000 - 0x0000024dff493000 	C:\Users\rober\.openjfx\cache\17\api-ms-win-core-timezone-l1-1-0.dll
0x0000024dff4a0000 - 0x0000024dff4a3000 	C:\Users\rober\.openjfx\cache\17\api-ms-win-core-util-l1-1-0.dll
0x0000024dff4b0000 - 0x0000024dff4b3000 	C:\Users\rober\.openjfx\cache\17\api-ms-win-crt-conio-l1-1-0.dll
0x0000024dff4c0000 - 0x0000024dff4c4000 	C:\Users\rober\.openjfx\cache\17\api-ms-win-crt-convert-l1-1-0.dll
0x0000024dff4d0000 - 0x0000024dff4d3000 	C:\Users\rober\.openjfx\cache\17\api-ms-win-crt-environment-l1-1-0.dll
0x0000024dff4e0000 - 0x0000024dff4e3000 	C:\Users\rober\.openjfx\cache\17\api-ms-win-crt-filesystem-l1-1-0.dll
0x0000024dff4f0000 - 0x0000024dff4f3000 	C:\Users\rober\.openjfx\cache\17\api-ms-win-crt-heap-l1-1-0.dll
0x0000024dff500000 - 0x0000024dff503000 	C:\Users\rober\.openjfx\cache\17\api-ms-win-crt-locale-l1-1-0.dll
0x0000024dff510000 - 0x0000024dff515000 	C:\Users\rober\.openjfx\cache\17\api-ms-win-crt-math-l1-1-0.dll
0x0000024dff520000 - 0x0000024dff525000 	C:\Users\rober\.openjfx\cache\17\api-ms-win-crt-multibyte-l1-1-0.dll
0x0000024dff530000 - 0x0000024dff540000 	C:\Users\rober\.openjfx\cache\17\api-ms-win-crt-private-l1-1-0.dll
0x0000024dff540000 - 0x0000024dff543000 	C:\Users\rober\.openjfx\cache\17\api-ms-win-crt-process-l1-1-0.dll
0x0000024dff550000 - 0x0000024dff554000 	C:\Users\rober\.openjfx\cache\17\api-ms-win-crt-runtime-l1-1-0.dll
0x0000024dff560000 - 0x0000024dff564000 	C:\Users\rober\.openjfx\cache\17\api-ms-win-crt-stdio-l1-1-0.dll
0x0000024dff570000 - 0x0000024dff574000 	C:\Users\rober\.openjfx\cache\17\api-ms-win-crt-string-l1-1-0.dll
0x0000024dff580000 - 0x0000024dff583000 	C:\Users\rober\.openjfx\cache\17\api-ms-win-crt-time-l1-1-0.dll
0x0000024dff590000 - 0x0000024dff593000 	C:\Users\rober\.openjfx\cache\17\api-ms-win-crt-utility-l1-1-0.dll
0x00007ffaa3d70000 - 0x00007ffaa3e6c000 	C:\Users\rober\.openjfx\cache\17\ucrtbase.dll
0x00007ffaff400000 - 0x00007ffaff41a000 	C:\Users\rober\.openjfx\cache\17\vcruntime140.dll
0x00007ffaff440000 - 0x00007ffaff44c000 	C:\Users\rober\.openjfx\cache\17\vcruntime140_1.dll
0x00007ffacccf0000 - 0x00007ffaccd7d000 	C:\Users\rober\.openjfx\cache\17\msvcp140.dll
0x00007ffaff3d0000 - 0x00007ffaff3fa000 	C:\Users\rober\.openjfx\cache\17\prism_d3d.dll
0x00007ffaccd80000 - 0x00007ffaccf4e000 	C:\WINDOWS\system32\d3d9.dll
0x00007ffb0bfe0000 - 0x00007ffb0c00f000 	C:\WINDOWS\SYSTEM32\dwmapi.dll
0x00007ffb0bdf0000 - 0x00007ffb0be8e000 	C:\WINDOWS\system32\uxtheme.dll
0x00007ffb019e0000 - 0x00007ffb01bbb000 	C:\WINDOWS\System32\DriverStore\FileRepository\u0365656.inf_amd64_5926d42fa64b989d\B365142\aticfx64.dll
0x00007ffaf3120000 - 0x00007ffaf3153000 	C:\WINDOWS\System32\DriverStore\FileRepository\u0365656.inf_amd64_5926d42fa64b989d\B365142\atiu9p64.dll
0x00007ffa5fe30000 - 0x00007ffa60b42000 	C:\WINDOWS\System32\DriverStore\FileRepository\u0365656.inf_amd64_5926d42fa64b989d\B365142\atiumd64.dll
0x00007ffb0fad0000 - 0x00007ffb0fbfa000 	C:\WINDOWS\System32\ole32.dll
0x0000000069d50000 - 0x000000006ac0d000 	C:\WINDOWS\System32\DriverStore\FileRepository\u0365656.inf_amd64_5926d42fa64b989d\B365142\atiumd6a.dll
0x00007ffb0e6a0000 - 0x00007ffb0e6eb000 	C:\WINDOWS\SYSTEM32\POWRPROF.dll
0x00007ffb0e680000 - 0x00007ffb0e692000 	C:\WINDOWS\SYSTEM32\UMPDC.dll
0x00007ffb0bb40000 - 0x00007ffb0bb70000 	C:\WINDOWS\SYSTEM32\amdihk64.dll
0x00007ffaf2ba0000 - 0x00007ffaf2be2000 	C:\Users\rober\.openjfx\cache\17\glass.dll
0x00007ffb0f710000 - 0x00007ffb0f7ea000 	C:\WINDOWS\System32\COMDLG32.dll
0x00007ffb10f40000 - 0x00007ffb1100d000 	C:\WINDOWS\System32\OLEAUT32.dll
0x00007ffb0fdc0000 - 0x00007ffb0fed5000 	C:\WINDOWS\System32\MSCTF.dll
0x00007ffb08f00000 - 0x00007ffb08f3b000 	C:\WINDOWS\SYSTEM32\dxcore.dll
0x00007ffb0ed30000 - 0x00007ffb0ed7e000 	C:\WINDOWS\System32\cfgmgr32.dll
0x00007ffaa3be0000 - 0x00007ffaa3d6e000 	C:\Program Files\Java\jdk-17\bin\awt.dll
0x00007ffb0bc10000 - 0x00007ffb0bca0000 	C:\WINDOWS\SYSTEM32\apphelp.dll
0x00007ffaf2f00000 - 0x00007ffaf2f14000 	C:\Users\rober\.openjfx\cache\17\javafx_font.dll
0x00007ffafa320000 - 0x00007ffafa5a3000 	C:\WINDOWS\SYSTEM32\dwrite.dll
0x00007ffb0f160000 - 0x00007ffb0f209000 	C:\WINDOWS\System32\clbcatq.dll
0x00007ffb06a50000 - 0x00007ffb06c04000 	C:\WINDOWS\SYSTEM32\WindowsCodecs.dll
0x00007ffafacb0000 - 0x00007ffafacee000 	C:\WINDOWS\system32\dataexchange.dll
0x00007ffb0b030000 - 0x00007ffb0b216000 	C:\WINDOWS\system32\dcomp.dll
0x00007ffb0adc0000 - 0x00007ffb0b024000 	C:\WINDOWS\system32\d3d11.dll
0x00007ffb0d120000 - 0x00007ffb0d214000 	C:\WINDOWS\system32\dxgi.dll

dbghelp: loaded successfully - version: 4.0.5 - missing functions: none
symbol engine: initialized successfully - sym options: 0x614 - pdb path: .;C:\Program Files\Java\jdk-17\bin;C:\WINDOWS\SYSTEM32;C:\WINDOWS\WinSxS\amd64_microsoft.windows.common-controls_6595b64144ccf1df_6.0.19041.1110_none_60b5254171f9507e;C:\Program Files\Java\jdk-17\bin\server;C:\Users\rober\.openjfx\cache\17;C:\WINDOWS\System32\DriverStore\FileRepository\u0365656.inf_amd64_5926d42fa64b989d\B365142;C:\Program Files\Common Files\Microsoft Shared\Ink;C:\Users\rober\AppData\Local\Microsoft\OneDrive\21.196.0921.0007

VM Arguments:
jvm_args: -XX:+ShowCodeDetailsInExceptionMessages -agentlib:jdwp=transport=dt_socket,suspend=y,address=localhost:62301 -javaagent:C:\Users\rober\eclipse\java-2020-06\eclipse\configuration\org.eclipse.osgi\632\0\.cp\lib\javaagent-shaded.jar -Dfile.encoding=UTF-8 
java_command: io.github.railroad.Startup
java_class_path (initial): C:\Users\rober\Documents\GitHub\Railroad\bin\main;C:\Users\rober\.gradle\caches\modules-2\files-2.1\org.jetbrains\annotations\22.0.0\fb9bebc90794c7602e73d6ed0cb165a0c650be62\annotations-22.0.0.jar;C:\Users\rober\.gradle\caches\modules-2\files-2.1\org.fxmisc.richtext\richtextfx\0.10.6\e95c2e045ba46d4be415ceacf1a3c872d017dde4\richtextfx-0.10.6.jar;C:\Users\rober\.gradle\caches\modules-2\files-2.1\org.json\json\20210307\528c8df3757e8bcf151817b1d7b9b434f6aa08d5\json-20210307.jar;C:\Users\rober\.gradle\caches\modules-2\files-2.1\com.google.code.gson\gson\2.8.8\431fc3cbc0ff81abdbfde070062741089c3ba874\gson-2.8.8.jar;C:\Users\rober\.gradle\caches\modules-2\files-2.1\commons-io\commons-io\2.11.0\a2503f302b11ebde7ebc3df41daebe0e4eea3689\commons-io-2.11.0.jar;C:\Users\rober\.gradle\caches\modules-2\files-2.1\com.github.Vatuu\discord-rpc\1.6.2\1e2a38614325e809efe442d82231e7c172cf94ab\discord-rpc-1.6.2.jar;C:\Users\rober\.gradle\caches\modules-2\files-2.1\com.panemu\tiwulfx-dock\0.1\ce632058513a465a84c4e5bb3dc7ebec2ee49b71\tiwulfx-dock-0.1.jar;C:\Users\rober\.gradle\caches\modules-2\files-2.1\org.apache.commons\commons-lang3\3.12.0\c6842c86792ff03b9f1d1fe2aab8dc23aa6c6f0e\commons-lang3-3.12.0.jar;C:\Users\rober\.gradle\caches\modules-2\files-2.1\io.github.palexdev\materialfx\11.12.0\b00a7de5ff498909e86a7541a01bfb82249e7849\materialfx-11.12.0.jar;C:\Users\rober\.gradle\caches\modules-2\files-2.1\org.openjfx\javafx-swing\17\aa76aa2e01dc8899dbfd4f2fb296cec7fc266ec6\javafx-swing-17-win.jar;C:\Users\rober\.gradle\caches\modules-2\files-2.1\org.openjfx\javafx-web\17\be4a308dbcc947af2a9d9c42a72fd7f6d0ba77b9\javafx-web-17-win.jar;C:\Users\rober\.gradle\caches\modules-2\files-2.1\org.openjfx\javafx-fxml\17\8d79ed85fa9dde644d4b37d93a02a2ef2818769\javafx-fxml-17-win.jar;C:\Users\rober\.gradle\caches\modules-2\files-2.1\org.openjfx\javafx-controls\17\efc0f4edde079c22987064922530c67fa1350a9b\javafx-controls-17-win.jar;C:\Users\rober\.gradle\caches\modules-2\file
Launcher Type: SUN_STANDARD

[Global flags]
     intx CICompilerCount                          = 4                                         {product} {ergonomic}
     uint ConcGCThreads                            = 2                                         {product} {ergonomic}
     uint G1ConcRefinementThreads                  = 8                                         {product} {ergonomic}
   size_t G1HeapRegionSize                         = 2097152                                   {product} {ergonomic}
    uintx GCDrainStackTargetSize                   = 64                                        {product} {ergonomic}
   size_t InitialHeapSize                          = 234881024                                 {product} {ergonomic}
   size_t MarkStackSize                            = 4194304                                   {product} {ergonomic}
   size_t MaxHeapSize                              = 3745513472                                {product} {ergonomic}
   size_t MaxNewSize                               = 2246049792                                {product} {ergonomic}
   size_t MinHeapDeltaBytes                        = 2097152                                   {product} {ergonomic}
   size_t MinHeapSize                              = 8388608                                   {product} {ergonomic}
    uintx NonNMethodCodeHeapSize                   = 5839372                                {pd product} {ergonomic}
    uintx NonProfiledCodeHeapSize                  = 122909434                              {pd product} {ergonomic}
    uintx ProfiledCodeHeapSize                     = 122909434                              {pd product} {ergonomic}
    uintx ReservedCodeCacheSize                    = 251658240                              {pd product} {ergonomic}
     bool SegmentedCodeCache                       = true                                      {product} {ergonomic}
     bool ShowCodeDetailsInExceptionMessages       = true                                   {manageable} {command line}
   size_t SoftMaxHeapSize                          = 3745513472                             {manageable} {ergonomic}
     bool UseCompressedClassPointers               = true                           {product lp64_product} {ergonomic}
     bool UseCompressedOops                        = true                           {product lp64_product} {ergonomic}
     bool UseG1GC                                  = true                                      {product} {ergonomic}
     bool UseLargePagesIndividualAllocation        = false                                  {pd product} {ergonomic}

Logging:
Log output configuration:
 #0: stdout all=off uptime,level,tags
 #1: stderr all=off uptime,level,tags

Environment Variables:
JAVA_HOME=C:\Program Files\Eclipse Foundation\jdk-16.0.2.7-hotspot
PATH=C:/Program Files/Eclipse Foundation/jdk-16.0.2.7-hotspot//bin/server;C:/Program Files/Eclipse Foundation/jdk-16.0.2.7-hotspot//bin;C:\Program Files\Eclipse Foundation\jdk-16.0.2.7-hotspot\\bin;C:\Program Files\Common Files\Oracle\Java\javapath;C:\Program Files\AdoptOpenJDK\jdk-8.0.275.1-hotspot\bin;C:\Program Files (x86)\Common Files\Oracle\Java\javapath;C:\WINDOWS\system32;C:\WINDOWS;C:\WINDOWS\System32\Wbem;C:\WINDOWS\System32\WindowsPowerShell\v1.0\;C:\WINDOWS\System32\OpenSSH\;C:\Program Files\Microsoft VS Code\bin;C:\Program Files\dotnet\;C:\scrcpy;C:\MinGW\bin;C:\Program Files (x86)\GtkSharp\2.12\bin;C:\Gradle\gradle-7.1.1\bin;C:\Program Files\AdoptOpenJDK\jdk-8.0.275.1-hotspot\bin;C:\Program Files\Git\cmd;C:\Program Files\Java\scripts;%NVM_HOME%;%NVM_SYMLINK%;C:\Users\rober\AppData\Local\Microsoft\WindowsApps;C:\Users\rober\AppData\Roaming\npm;C:\Users\rober\AppData\Local\GitHubDesktop\bin;C:\Users\rober\AppData\Roaming\nvm;C:\Program Files\nodejs;C:\Program Files\heroku\bin;C:\WINDOWS\System32;
USERNAME=rober
OS=Windows_NT
PROCESSOR_IDENTIFIER=AMD64 Family 23 Model 24 Stepping 1, AuthenticAMD



---------------  S Y S T E M  ---------------

OS:
 Windows 10 , 64 bit Build 19041 (10.0.19041.1202)
OS uptime: 10 days 23:56 hours

CPU: total 8 (initial active 8) (8 cores per cpu, 2 threads per core) family 23 model 24 stepping 1 microcode 0x0, cx8, cmov, fxsr, ht, mmx, 3dnowpref, sse, sse2, sse3, ssse3, sse4a, sse4.1, sse4.2, popcnt, lzcnt, tsc, tscinvbit, avx, avx2, aes, clmul, bmi1, bmi2, adx, sha, fma, vzeroupper, clflush, clflushopt

Memory: 4k page, system-wide physical 14283M (3702M free)
TotalPageFile size 23499M (AvailPageFile size 4679M)
current process WorkingSet (physical memory assigned to process): 209M, peak: 257M
current process commit charge ("private bytes"): 417M, peak: 483M

vm_info: OpenJDK 64-Bit Server VM (17+35-2724) for windows-amd64 JRE (17+35-2724), built on Aug  5 2021 23:26:02 by "mach5one" with MS VC++ 16.8 (VS2019)

END.
