#
# A fatal error has been detected by the Java Runtime Environment:
#
#  EXCEPTION_ACCESS_VIOLATION (0xc0000005) at pc=0x00007ffaf5d86a87, pid=84648, tid=19584
#
# JRE version: OpenJDK Runtime Environment (17.0+35) (build 17+35-2724)
# Java VM: OpenJDK 64-Bit Server VM (17+35-2724, mixed mode, sharing, tiered, compressed oops, compressed class ptrs, g1 gc, windows-amd64)
# Problematic frame:
# C  [glass.dll+0x26a87]
#
# No core dump will be written. Minidumps are not enabled by default on client versions of Windows
#
# If you would like to submit a bug report, please visit:
#   https://bugreport.java.com/bugreport/crash.jsp
#

---------------  S U M M A R Y ------------

Command Line: -XX:+ShowCodeDetailsInExceptionMessages -agentlib:jdwp=transport=dt_socket,suspend=y,address=localhost:62264 -javaagent:C:\Users\rober\eclipse\java-2020-06\eclipse\configuration\org.eclipse.osgi\632\0\.cp\lib\javaagent-shaded.jar -Dfile.encoding=UTF-8 io.github.railroad.Startup

Host: AMD Ryzen 7 3700U with Radeon Vega Mobile Gfx  , 8 cores, 13G,  Windows 10 , 64 bit Build 19041 (10.0.19041.1202)
Time: Fri Oct 15 14:02:02 2021 GTB Summer Time elapsed time: 36.083460 seconds (0d 0h 0m 36s)

---------------  T H R E A D  ---------------

Current thread (0x0000021859b9f160):  VMThread "VM Thread" [stack: 0x0000008fc4300000,0x0000008fc4400000] [id=19584]

Stack: [0x0000008fc4300000,0x0000008fc4400000],  sp=0x0000008fc43fed50,  free space=1019k
Native frames: (J=compiled Java code, j=interpreted, Vv=VM code, C=native code)
C  [glass.dll+0x26a87]


siginfo: EXCEPTION_ACCESS_VIOLATION (0xc0000005), reading address 0x0000000000000000


Register to memory mapping:

RIP=0x00007ffaf5d86a87 glass.dll
RAX=0x0 is NULL
RBX=0x0000021859bad0d0 is a global jni handle
RCX=0x0000021859b9f160 points into unknown readable memory: 0x00007ffac56fc540 | 40 c5 6f c5 fa 7f 00 00
RDX=0x0000008fc43fed50 points into unknown readable memory: 0x0000000000000000 | 00 00 00 00 00 00 00 00
RSP=0x0000008fc43fed50 points into unknown readable memory: 0x0000000000000000 | 00 00 00 00 00 00 00 00
RBP=0x000002185b906d88 points into unknown readable memory: 0x00003230cabea511 | 11 a5 be ca 30 32 00 00
RSI=0x000002185b906d60 points into unknown readable memory: 0xfff5d980b666a511 | 11 a5 66 b6 80 d9 f5 ff
RDI=0x00003230cabea511 is an unknown value
R8 =0x0000000000010002 is an unknown value
R9 =0x00003230cabea511 is an unknown value
R10=0x0000000000008000 is an unknown value
R11=0x0000008fc43fece0 points into unknown readable memory: 0x000002185b906d60 | 60 6d 90 5b 18 02 00 00
R12=0x00007ffaf5d84354 glass.dll
R13=0x00007ffac58a2940 jvm.dll
R14=0x0000008fc43fee48 points into unknown readable memory: 0x0000008fc43fee30 | 30 ee 3f c4 8f 00 00 00
R15=0x000002185b906d60 points into unknown readable memory: 0xfff5d980b666a511 | 11 a5 66 b6 80 d9 f5 ff


Registers:
RAX=0x0000000000000000, RBX=0x0000021859bad0d0, RCX=0x0000021859b9f160, RDX=0x0000008fc43fed50
RSP=0x0000008fc43fed50, RBP=0x000002185b906d88, RSI=0x000002185b906d60, RDI=0x00003230cabea511
R8 =0x0000000000010002, R9 =0x00003230cabea511, R10=0x0000000000008000, R11=0x0000008fc43fece0
R12=0x00007ffaf5d84354, R13=0x00007ffac58a2940, R14=0x0000008fc43fee48, R15=0x000002185b906d60
RIP=0x00007ffaf5d86a87, EFLAGS=0x0000000000010206

Top of Stack: (sp=0x0000008fc43fed50)
0x0000008fc43fed50:   0000000000000000 000002185b906d60
0x0000008fc43fed60:   00007ffac58a2940 00007ffaf5d84354
0x0000008fc43fed70:   000002185b906d68 00007ffb0eba42d6
0x0000008fc43fed80:   00003230cabea511 0000021800000000
0x0000008fc43fed90:   000002185b906d88 000002185b906d60
0x0000008fc43feda0:   fffffffffffffffe 0000000000000000
0x0000008fc43fedb0:   0000000000000001 00007ffaf5d60000
0x0000008fc43fedc0:   0000008fc43fee38 00007ffb0eba41fb
0x0000008fc43fedd0:   0000000000000000 0000008fc43fee48
0x0000008fc43fede0:   0000008fc43ff110 00007ffb0ec80e40
0x0000008fc43fedf0:   0000000000000001 00007ffb0eba41b4
0x0000008fc43fee00:   0000000000000000 0000000000000001
0x0000008fc43fee10:   0000000000000000 0000008fc43fee38
0x0000008fc43fee20:   0000000000000001 00007ffaf5d841e1
0x0000008fc43fee30:   00007ffaf5d9a138 00007ffb00000002
0x0000008fc43fee40:   0000000000000002 0000008fc43fee30 

Instructions: (pc=0x00007ffaf5d86a87)
0x00007ffaf5d86987:   8b 4d 58 e8 01 cf ff ff 48 8b 4d 60 e8 f8 ce ff
0x00007ffaf5d86997:   ff 48 8b 95 80 00 00 00 48 8b 8d 18 01 00 00 e8
0x00007ffaf5d869a7:   c6 c3 ff ff 33 d2 33 c9 e8 3c e1 ff ff 90 48 89
0x00007ffaf5d869b7:   54 24 10 55 48 83 ec 20 48 8b ea 48 b8 00 00 00
0x00007ffaf5d869c7:   00 00 00 00 00 48 83 c4 20 5d c3 cc 40 55 48 8b
0x00007ffaf5d869d7:   ea 48 8b 01 33 c9 81 38 05 00 00 c0 0f 94 c1 8b
0x00007ffaf5d869e7:   c1 5d c3 cc 40 55 48 83 ec 20 48 8b ea 8a 4d 40
0x00007ffaf5d869f7:   48 83 c4 20 5d e9 f7 d2 ff ff cc 40 55 48 83 ec
0x00007ffaf5d86a07:   20 48 8b ea 8a 4d 20 e8 e5 d2 ff ff 90 48 83 c4
0x00007ffaf5d86a17:   20 5d c3 cc 40 55 48 83 ec 20 48 8b ea 48 83 c4
0x00007ffaf5d86a27:   20 5d e9 46 d1 ff ff cc 40 55 48 83 ec 30 48 8b
0x00007ffaf5d86a37:   ea 48 8b 01 8b 10 48 89 4c 24 28 89 54 24 20 4c
0x00007ffaf5d86a47:   8d 0d e7 d5 ff ff 4c 8b 45 70 8b 55 68 48 8b 4d
0x00007ffaf5d86a57:   60 e8 87 d0 ff ff 90 48 83 c4 30 5d c3 cc cc cc
0x00007ffaf5d86a67:   cc cc cc cc cc cc cc cc cc 40 53 48 83 ec 20 48
0x00007ffaf5d86a77:   8b 1d b3 30 01 00 48 85 db 74 16 e8 09 8b ff ff
0x00007ffaf5d86a87:   4c 8b 00 48 8b d3 48 8b c8 41 ff 90 b0 00 00 00
0x00007ffaf5d86a97:   90 48 83 c4 20 5b c3 cc cc 40 53 48 83 ec 20 48
0x00007ffaf5d86aa7:   8b 1d 2b 32 01 00 48 85 db 74 57 b8 ff ff ff ff
0x00007ffaf5d86ab7:   f0 0f c1 43 10 83 f8 01 75 3d 48 85 db 74 38 48
0x00007ffaf5d86ac7:   8b 0b 48 85 c9 74 0d ff 15 d4 07 00 00 48 c7 03
0x00007ffaf5d86ad7:   00 00 00 00 48 8b 4b 08 48 85 c9 74 0d e8 a7 cd
0x00007ffaf5d86ae7:   ff ff 48 c7 43 08 00 00 00 00 ba 18 00 00 00 48
0x00007ffaf5d86af7:   8b cb e8 92 cd ff ff 48 c7 05 cf 31 01 00 00 00
0x00007ffaf5d86b07:   00 00 48 83 c4 20 5b c3 cc 40 53 48 83 ec 20 48
0x00007ffaf5d86b17:   8b 1d 9b 31 01 00 48 85 db 74 57 b8 ff ff ff ff
0x00007ffaf5d86b27:   f0 0f c1 43 10 83 f8 01 75 3d 48 85 db 74 38 48
0x00007ffaf5d86b37:   8b 0b 48 85 c9 74 0d ff 15 64 07 00 00 48 c7 03
0x00007ffaf5d86b47:   00 00 00 00 48 8b 4b 08 48 85 c9 74 0d e8 37 cd
0x00007ffaf5d86b57:   ff ff 48 c7 43 08 00 00 00 00 ba 18 00 00 00 48
0x00007ffaf5d86b67:   8b cb e8 22 cd ff ff 48 c7 05 3f 31 01 00 00 00
0x00007ffaf5d86b77:   00 00 48 83 c4 20 5b c3 cc 40 53 48 83 ec 20 48 


Stack slot to memory mapping:
stack at sp + 0 slots: 0x0 is NULL
stack at sp + 1 slots: 0x000002185b906d60 points into unknown readable memory: 0xfff5d980b666a511 | 11 a5 66 b6 80 d9 f5 ff
stack at sp + 2 slots: 0x00007ffac58a2940 jvm.dll
stack at sp + 3 slots: 0x00007ffaf5d84354 glass.dll
stack at sp + 4 slots: 0x000002185b906d68 points into unknown readable memory: 0x00003230cabea511 | 11 a5 be ca 30 32 00 00
stack at sp + 5 slots: 0x00007ffb0eba42d6 ucrtbase.dll
stack at sp + 6 slots: 0x00003230cabea511 is an unknown value
stack at sp + 7 slots: 0x0000021800000000 is an unknown value

VM_Operation (0x0000008fc5ff9230): Exit, mode: safepoint, requested by thread 0x000002185b738890


---------------  P R O C E S S  ---------------

Threads class SMR info:
_java_thread_list=0x000002185be8d380, length=20, elements={
0x00000218381cd4f0, 0x0000021859ba84e0, 0x0000021859ba9fb0, 0x0000021859bb5fe0,
0x0000021859bb6aa0, 0x0000021859bbb790, 0x0000021859bc5070, 0x0000021859bc9210,
0x0000021859bc9bc0, 0x0000021859bd2c90, 0x000002185a8b5120, 0x000002185aa153d0,
0x000002185ab703e0, 0x000002185abba900, 0x000002185b550250, 0x000002185b8ff560,
0x000002185b738890, 0x000002185ba4de50, 0x0000021866130100, 0x000002185c10de80
}

Java Threads: ( => current thread )
  0x00000218381cd4f0 JavaThread "main" [_thread_blocked, id=79656, stack(0x0000008fc3d00000,0x0000008fc3e00000)]
  0x0000021859ba84e0 JavaThread "Reference Handler" daemon [_thread_blocked, id=82924, stack(0x0000008fc4400000,0x0000008fc4500000)]
  0x0000021859ba9fb0 JavaThread "Finalizer" daemon [_thread_blocked, id=56828, stack(0x0000008fc4500000,0x0000008fc4600000)]
  0x0000021859bb5fe0 JavaThread "Signal Dispatcher" daemon [_thread_blocked, id=88656, stack(0x0000008fc4600000,0x0000008fc4700000)]
  0x0000021859bb6aa0 JavaThread "Attach Listener" daemon [_thread_blocked, id=58344, stack(0x0000008fc4700000,0x0000008fc4800000)]
  0x0000021859bbb790 JavaThread "Service Thread" daemon [_thread_blocked, id=51432, stack(0x0000008fc4800000,0x0000008fc4900000)]
  0x0000021859bc5070 JavaThread "Monitor Deflation Thread" daemon [_thread_blocked, id=56396, stack(0x0000008fc4900000,0x0000008fc4a00000)]
  0x0000021859bc9210 JavaThread "C2 CompilerThread0" daemon [_thread_blocked, id=82520, stack(0x0000008fc4a00000,0x0000008fc4b00000)]
  0x0000021859bc9bc0 JavaThread "C1 CompilerThread0" daemon [_thread_blocked, id=84500, stack(0x0000008fc4b00000,0x0000008fc4c00000)]
  0x0000021859bd2c90 JavaThread "Sweeper thread" daemon [_thread_blocked, id=79492, stack(0x0000008fc4c00000,0x0000008fc4d00000)]
  0x000002185a8b5120 JavaThread "Common-Cleaner" daemon [_thread_blocked, id=88328, stack(0x0000008fc4d00000,0x0000008fc4e00000)]
  0x000002185aa153d0 JavaThread "JDWP Event Helper Thread" daemon [_thread_blocked, id=88324, stack(0x0000008fc4f00000,0x0000008fc5000000)]
  0x000002185ab703e0 JavaThread "Notification Thread" daemon [_thread_blocked, id=88908, stack(0x0000008fc5200000,0x0000008fc5300000)]
  0x000002185abba900 JavaThread "JavaFX-Launcher" [_thread_blocked, id=38080, stack(0x0000008fc5400000,0x0000008fc5500000)]
  0x000002185b550250 JavaThread "QuantumRenderer-0" daemon [_thread_blocked, id=4080, stack(0x0000008fc5100000,0x0000008fc5200000)]
  0x000002185b8ff560 JavaThread "InvokeLaterDispatcher" daemon [_thread_blocked, id=24648, stack(0x0000008fc5e00000,0x0000008fc5f00000)]
  0x000002185b738890 JavaThread "JavaFX Application Thread" [_thread_blocked, id=80864, stack(0x0000008fc5f00000,0x0000008fc6000000)]
  0x000002185ba4de50 JavaThread "Thread-2" daemon [_thread_in_native, id=13848, stack(0x0000008fc6700000,0x0000008fc6800000)]
  0x0000021866130100 JavaThread "Prism Font Disposer" daemon [_thread_blocked, id=17912, stack(0x0000008fc6a00000,0x0000008fc6b00000)]
  0x000002185c10de80 JavaThread "Cleaner-0" daemon [_thread_blocked, id=67260, stack(0x0000008fc6b00000,0x0000008fc6c00000)]

Other Threads:
=>0x0000021859b9f160 VMThread "VM Thread" [stack: 0x0000008fc4300000,0x0000008fc4400000] [id=19584]
  0x00000218382173d0 GCTaskThread "GC Thread#0" [stack: 0x0000008fc3e00000,0x0000008fc3f00000] [id=60836]
  0x000002185b8d52d0 GCTaskThread "GC Thread#1" [stack: 0x0000008fc5700000,0x0000008fc5800000] [id=41308]
  0x000002185b8d5580 GCTaskThread "GC Thread#2" [stack: 0x0000008fc5800000,0x0000008fc5900000] [id=88764]
  0x000002185b8d5830 GCTaskThread "GC Thread#3" [stack: 0x0000008fc5900000,0x0000008fc5a00000] [id=67532]
  0x000002185b8cf570 GCTaskThread "GC Thread#4" [stack: 0x0000008fc5a00000,0x0000008fc5b00000] [id=88276]
  0x000002185b90c180 GCTaskThread "GC Thread#5" [stack: 0x0000008fc5b00000,0x0000008fc5c00000] [id=83068]
  0x000002185b90d440 GCTaskThread "GC Thread#6" [stack: 0x0000008fc5c00000,0x0000008fc5d00000] [id=33460]
  0x000002185b90d6f0 GCTaskThread "GC Thread#7" [stack: 0x0000008fc5d00000,0x0000008fc5e00000] [id=82028]
  0x00000218382223a0 ConcurrentGCThread "G1 Main Marker" terminated
  0x0000021838223460 ConcurrentGCThread "G1 Conc#0" [stack: 0x0000008fc4000000,0x0000008fc4100000] [id=12368]
  0x0000021859a610b0 ConcurrentGCThread "G1 Refine#0" terminated
  0x0000021859a61970 ConcurrentGCThread "G1 Service" terminated

Threads with active compile tasks:
C2 CompilerThread0  
[error occurred during error reporting (printing all threads), id 0xc0000005, EXCEPTION_ACCESS_VIOLATION (0xc0000005) at pc=0x00007ffac550ce63]

VM state: at safepoint (shutting down)

VM Mutex/Monitor currently owned by a thread:  ([mutex/lock_event])
[0x00000218381c7a30] Threads_lock - owner thread: 0x0000021859b9f160
[0x00000218381c6830] Heap_lock - owner thread: 0x000002185b738890

Heap address: 0x0000000720c00000, size: 3572 MB, Compressed Oops mode: Zero based, Oop shift amount: 3

CDS archive(s) mapped at: [0x0000000800000000-0x0000000800bc0000-0x0000000800bc0000), size 12320768, SharedBaseAddress: 0x0000000800000000, ArchiveRelocationMode: 0.
Compressed class space mapped at: 0x0000000800c00000-0x0000000840c00000, reserved size: 1073741824
Narrow klass base: 0x0000000800000000, Narrow klass shift: 0, Narrow klass range: 0x100000000

GC Precious Log:
 CPUs: 8 total, 8 available
 Memory: 14283M
 Large Page Support: Disabled
 NUMA Support: Disabled
 Compressed Oops: Enabled (Zero based)
 Heap Region Size: 2M
 Heap Min Capacity: 8M
 Heap Initial Capacity: 224M
 Heap Max Capacity: 3572M
 Pre-touch: Disabled
 Parallel Workers: 8
 Concurrent Workers: 2
 Concurrent Refinement Workers: 8
 Periodic GC: Disabled

Heap:
 garbage-first heap   total 229376K, used 60715K [0x0000000720c00000, 0x0000000800000000)
  region size 2048K, 28 young (57344K), 1 survivors (2048K)
 Metaspace       used 15705K, committed 15936K, reserved 1064960K
  class space    used 2155K, committed 2240K, reserved 1048576K

Heap Regions: E=young(eden), S=young(survivor), O=old, HS=humongous(starts), HC=humongous(continues), CS=collection set, F=free, OA=open archive, CA=closed archive, TAMS=top-at-mark-start (previous, next)
|   0|0x0000000720c00000, 0x0000000720e00000, 0x0000000720e00000|100%| O|  |TAMS 0x0000000720c00000, 0x0000000720c00000| Untracked 
|   1|0x0000000720e00000, 0x0000000720f86200, 0x0000000721000000| 76%| O|  |TAMS 0x0000000720e00000, 0x0000000720e00000| Untracked 
|   2|0x0000000721000000, 0x0000000721200000, 0x0000000721200000|100%|HS|  |TAMS 0x0000000721000000, 0x0000000721000000| Complete 
|   3|0x0000000721200000, 0x0000000721200000, 0x0000000721400000|  0%| F|  |TAMS 0x0000000721200000, 0x0000000721200000| Untracked 
|   4|0x0000000721400000, 0x0000000721400000, 0x0000000721600000|  0%| F|  |TAMS 0x0000000721400000, 0x0000000721400000| Untracked 
|   5|0x0000000721600000, 0x0000000721600000, 0x0000000721800000|  0%| F|  |TAMS 0x0000000721600000, 0x0000000721600000| Untracked 
|   6|0x0000000721800000, 0x0000000721800000, 0x0000000721a00000|  0%| F|  |TAMS 0x0000000721800000, 0x0000000721800000| Untracked 
|   7|0x0000000721a00000, 0x0000000721a00000, 0x0000000721c00000|  0%| F|  |TAMS 0x0000000721a00000, 0x0000000721a00000| Untracked 
|   8|0x0000000721c00000, 0x0000000721c00000, 0x0000000721e00000|  0%| F|  |TAMS 0x0000000721c00000, 0x0000000721c00000| Untracked 
|   9|0x0000000721e00000, 0x0000000721e00000, 0x0000000722000000|  0%| F|  |TAMS 0x0000000721e00000, 0x0000000721e00000| Untracked 
|  10|0x0000000722000000, 0x0000000722000000, 0x0000000722200000|  0%| F|  |TAMS 0x0000000722000000, 0x0000000722000000| Untracked 
|  11|0x0000000722200000, 0x0000000722200000, 0x0000000722400000|  0%| F|  |TAMS 0x0000000722200000, 0x0000000722200000| Untracked 
|  12|0x0000000722400000, 0x0000000722400000, 0x0000000722600000|  0%| F|  |TAMS 0x0000000722400000, 0x0000000722400000| Untracked 
|  13|0x0000000722600000, 0x0000000722600000, 0x0000000722800000|  0%| F|  |TAMS 0x0000000722600000, 0x0000000722600000| Untracked 
|  14|0x0000000722800000, 0x0000000722800000, 0x0000000722a00000|  0%| F|  |TAMS 0x0000000722800000, 0x0000000722800000| Untracked 
|  15|0x0000000722a00000, 0x0000000722a00000, 0x0000000722c00000|  0%| F|  |TAMS 0x0000000722a00000, 0x0000000722a00000| Untracked 
|  16|0x0000000722c00000, 0x0000000722c00000, 0x0000000722e00000|  0%| F|  |TAMS 0x0000000722c00000, 0x0000000722c00000| Untracked 
|  17|0x0000000722e00000, 0x0000000722e00000, 0x0000000723000000|  0%| F|  |TAMS 0x0000000722e00000, 0x0000000722e00000| Untracked 
|  18|0x0000000723000000, 0x0000000723000000, 0x0000000723200000|  0%| F|  |TAMS 0x0000000723000000, 0x0000000723000000| Untracked 
|  19|0x0000000723200000, 0x0000000723200000, 0x0000000723400000|  0%| F|  |TAMS 0x0000000723200000, 0x0000000723200000| Untracked 
|  20|0x0000000723400000, 0x0000000723400000, 0x0000000723600000|  0%| F|  |TAMS 0x0000000723400000, 0x0000000723400000| Untracked 
|  21|0x0000000723600000, 0x0000000723600000, 0x0000000723800000|  0%| F|  |TAMS 0x0000000723600000, 0x0000000723600000| Untracked 
|  22|0x0000000723800000, 0x0000000723800000, 0x0000000723a00000|  0%| F|  |TAMS 0x0000000723800000, 0x0000000723800000| Untracked 
|  23|0x0000000723a00000, 0x0000000723a00000, 0x0000000723c00000|  0%| F|  |TAMS 0x0000000723a00000, 0x0000000723a00000| Untracked 
|  24|0x0000000723c00000, 0x0000000723c00000, 0x0000000723e00000|  0%| F|  |TAMS 0x0000000723c00000, 0x0000000723c00000| Untracked 
|  25|0x0000000723e00000, 0x0000000723e00000, 0x0000000724000000|  0%| F|  |TAMS 0x0000000723e00000, 0x0000000723e00000| Untracked 
|  26|0x0000000724000000, 0x0000000724000000, 0x0000000724200000|  0%| F|  |TAMS 0x0000000724000000, 0x0000000724000000| Untracked 
|  27|0x0000000724200000, 0x0000000724200000, 0x0000000724400000|  0%| F|  |TAMS 0x0000000724200000, 0x0000000724200000| Untracked 
|  28|0x0000000724400000, 0x0000000724400000, 0x0000000724600000|  0%| F|  |TAMS 0x0000000724400000, 0x0000000724400000| Untracked 
|  29|0x0000000724600000, 0x0000000724600000, 0x0000000724800000|  0%| F|  |TAMS 0x0000000724600000, 0x0000000724600000| Untracked 
|  30|0x0000000724800000, 0x0000000724800000, 0x0000000724a00000|  0%| F|  |TAMS 0x0000000724800000, 0x0000000724800000| Untracked 
|  31|0x0000000724a00000, 0x0000000724a00000, 0x0000000724c00000|  0%| F|  |TAMS 0x0000000724a00000, 0x0000000724a00000| Untracked 
|  32|0x0000000724c00000, 0x0000000724c00000, 0x0000000724e00000|  0%| F|  |TAMS 0x0000000724c00000, 0x0000000724c00000| Untracked 
|  33|0x0000000724e00000, 0x0000000724e00000, 0x0000000725000000|  0%| F|  |TAMS 0x0000000724e00000, 0x0000000724e00000| Untracked 
|  34|0x0000000725000000, 0x0000000725000000, 0x0000000725200000|  0%| F|  |TAMS 0x0000000725000000, 0x0000000725000000| Untracked 
|  35|0x0000000725200000, 0x0000000725200000, 0x0000000725400000|  0%| F|  |TAMS 0x0000000725200000, 0x0000000725200000| Untracked 
|  36|0x0000000725400000, 0x0000000725400000, 0x0000000725600000|  0%| F|  |TAMS 0x0000000725400000, 0x0000000725400000| Untracked 
|  37|0x0000000725600000, 0x0000000725600000, 0x0000000725800000|  0%| F|  |TAMS 0x0000000725600000, 0x0000000725600000| Untracked 
|  38|0x0000000725800000, 0x0000000725800000, 0x0000000725a00000|  0%| F|  |TAMS 0x0000000725800000, 0x0000000725800000| Untracked 
|  39|0x0000000725a00000, 0x0000000725a00000, 0x0000000725c00000|  0%| F|  |TAMS 0x0000000725a00000, 0x0000000725a00000| Untracked 
|  40|0x0000000725c00000, 0x0000000725c00000, 0x0000000725e00000|  0%| F|  |TAMS 0x0000000725c00000, 0x0000000725c00000| Untracked 
|  41|0x0000000725e00000, 0x0000000725e00000, 0x0000000726000000|  0%| F|  |TAMS 0x0000000725e00000, 0x0000000725e00000| Untracked 
|  42|0x0000000726000000, 0x0000000726000000, 0x0000000726200000|  0%| F|  |TAMS 0x0000000726000000, 0x0000000726000000| Untracked 
|  43|0x0000000726200000, 0x0000000726200000, 0x0000000726400000|  0%| F|  |TAMS 0x0000000726200000, 0x0000000726200000| Untracked 
|  44|0x0000000726400000, 0x0000000726400000, 0x0000000726600000|  0%| F|  |TAMS 0x0000000726400000, 0x0000000726400000| Untracked 
|  45|0x0000000726600000, 0x0000000726600000, 0x0000000726800000|  0%| F|  |TAMS 0x0000000726600000, 0x0000000726600000| Untracked 
|  46|0x0000000726800000, 0x0000000726800000, 0x0000000726a00000|  0%| F|  |TAMS 0x0000000726800000, 0x0000000726800000| Untracked 
|  47|0x0000000726a00000, 0x0000000726a00000, 0x0000000726c00000|  0%| F|  |TAMS 0x0000000726a00000, 0x0000000726a00000| Untracked 
|  48|0x0000000726c00000, 0x0000000726c00000, 0x0000000726e00000|  0%| F|  |TAMS 0x0000000726c00000, 0x0000000726c00000| Untracked 
|  49|0x0000000726e00000, 0x0000000726e00000, 0x0000000727000000|  0%| F|  |TAMS 0x0000000726e00000, 0x0000000726e00000| Untracked 
|  50|0x0000000727000000, 0x0000000727000000, 0x0000000727200000|  0%| F|  |TAMS 0x0000000727000000, 0x0000000727000000| Untracked 
|  51|0x0000000727200000, 0x0000000727200000, 0x0000000727400000|  0%| F|  |TAMS 0x0000000727200000, 0x0000000727200000| Untracked 
|  52|0x0000000727400000, 0x0000000727400000, 0x0000000727600000|  0%| F|  |TAMS 0x0000000727400000, 0x0000000727400000| Untracked 
|  53|0x0000000727600000, 0x0000000727600000, 0x0000000727800000|  0%| F|  |TAMS 0x0000000727600000, 0x0000000727600000| Untracked 
|  54|0x0000000727800000, 0x0000000727800000, 0x0000000727a00000|  0%| F|  |TAMS 0x0000000727800000, 0x0000000727800000| Untracked 
|  55|0x0000000727a00000, 0x0000000727a00000, 0x0000000727c00000|  0%| F|  |TAMS 0x0000000727a00000, 0x0000000727a00000| Untracked 
|  56|0x0000000727c00000, 0x0000000727c00000, 0x0000000727e00000|  0%| F|  |TAMS 0x0000000727c00000, 0x0000000727c00000| Untracked 
|  57|0x0000000727e00000, 0x0000000727e00000, 0x0000000728000000|  0%| F|  |TAMS 0x0000000727e00000, 0x0000000727e00000| Untracked 
|  58|0x0000000728000000, 0x0000000728000000, 0x0000000728200000|  0%| F|  |TAMS 0x0000000728000000, 0x0000000728000000| Untracked 
|  59|0x0000000728200000, 0x0000000728200000, 0x0000000728400000|  0%| F|  |TAMS 0x0000000728200000, 0x0000000728200000| Untracked 
|  60|0x0000000728400000, 0x0000000728400000, 0x0000000728600000|  0%| F|  |TAMS 0x0000000728400000, 0x0000000728400000| Untracked 
|  61|0x0000000728600000, 0x0000000728600000, 0x0000000728800000|  0%| F|  |TAMS 0x0000000728600000, 0x0000000728600000| Untracked 
|  62|0x0000000728800000, 0x0000000728800000, 0x0000000728a00000|  0%| F|  |TAMS 0x0000000728800000, 0x0000000728800000| Untracked 
|  63|0x0000000728a00000, 0x0000000728a00000, 0x0000000728c00000|  0%| F|  |TAMS 0x0000000728a00000, 0x0000000728a00000| Untracked 
|  64|0x0000000728c00000, 0x0000000728c00000, 0x0000000728e00000|  0%| F|  |TAMS 0x0000000728c00000, 0x0000000728c00000| Untracked 
|  65|0x0000000728e00000, 0x0000000728e00000, 0x0000000729000000|  0%| F|  |TAMS 0x0000000728e00000, 0x0000000728e00000| Untracked 
|  66|0x0000000729000000, 0x0000000729000000, 0x0000000729200000|  0%| F|  |TAMS 0x0000000729000000, 0x0000000729000000| Untracked 
|  67|0x0000000729200000, 0x0000000729200000, 0x0000000729400000|  0%| F|  |TAMS 0x0000000729200000, 0x0000000729200000| Untracked 
|  68|0x0000000729400000, 0x0000000729400000, 0x0000000729600000|  0%| F|  |TAMS 0x0000000729400000, 0x0000000729400000| Untracked 
|  69|0x0000000729600000, 0x0000000729600000, 0x0000000729800000|  0%| F|  |TAMS 0x0000000729600000, 0x0000000729600000| Untracked 
|  70|0x0000000729800000, 0x0000000729800000, 0x0000000729a00000|  0%| F|  |TAMS 0x0000000729800000, 0x0000000729800000| Untracked 
|  71|0x0000000729a00000, 0x0000000729a00000, 0x0000000729c00000|  0%| F|  |TAMS 0x0000000729a00000, 0x0000000729a00000| Untracked 
|  72|0x0000000729c00000, 0x0000000729c00000, 0x0000000729e00000|  0%| F|  |TAMS 0x0000000729c00000, 0x0000000729c00000| Untracked 
|  73|0x0000000729e00000, 0x0000000729e00000, 0x000000072a000000|  0%| F|  |TAMS 0x0000000729e00000, 0x0000000729e00000| Untracked 
|  74|0x000000072a000000, 0x000000072a000000, 0x000000072a200000|  0%| F|  |TAMS 0x000000072a000000, 0x000000072a000000| Untracked 
|  75|0x000000072a200000, 0x000000072a200000, 0x000000072a400000|  0%| F|  |TAMS 0x000000072a200000, 0x000000072a200000| Untracked 
|  76|0x000000072a400000, 0x000000072a400000, 0x000000072a600000|  0%| F|  |TAMS 0x000000072a400000, 0x000000072a400000| Untracked 
|  77|0x000000072a600000, 0x000000072a600000, 0x000000072a800000|  0%| F|  |TAMS 0x000000072a600000, 0x000000072a600000| Untracked 
|  78|0x000000072a800000, 0x000000072a800000, 0x000000072aa00000|  0%| F|  |TAMS 0x000000072a800000, 0x000000072a800000| Untracked 
|  79|0x000000072aa00000, 0x000000072aa00000, 0x000000072ac00000|  0%| F|  |TAMS 0x000000072aa00000, 0x000000072aa00000| Untracked 
|  80|0x000000072ac00000, 0x000000072ac00000, 0x000000072ae00000|  0%| F|  |TAMS 0x000000072ac00000, 0x000000072ac00000| Untracked 
|  81|0x000000072ae00000, 0x000000072ae00000, 0x000000072b000000|  0%| F|  |TAMS 0x000000072ae00000, 0x000000072ae00000| Untracked 
|  82|0x000000072b000000, 0x000000072b000000, 0x000000072b200000|  0%| F|  |TAMS 0x000000072b000000, 0x000000072b000000| Untracked 
|  83|0x000000072b200000, 0x000000072b200000, 0x000000072b400000|  0%| F|  |TAMS 0x000000072b200000, 0x000000072b200000| Untracked 
|  84|0x000000072b400000, 0x000000072b487ac8, 0x000000072b600000| 26%| E|  |TAMS 0x000000072b400000, 0x000000072b400000| Complete 
|  85|0x000000072b600000, 0x000000072b800000, 0x000000072b800000|100%| E|CS|TAMS 0x000000072b600000, 0x000000072b600000| Complete 
|  86|0x000000072b800000, 0x000000072ba00000, 0x000000072ba00000|100%| E|CS|TAMS 0x000000072b800000, 0x000000072b800000| Complete 
|  87|0x000000072ba00000, 0x000000072bc00000, 0x000000072bc00000|100%| E|CS|TAMS 0x000000072ba00000, 0x000000072ba00000| Complete 
|  88|0x000000072bc00000, 0x000000072be00000, 0x000000072be00000|100%| E|CS|TAMS 0x000000072bc00000, 0x000000072bc00000| Complete 
|  89|0x000000072be00000, 0x000000072c000000, 0x000000072c000000|100%| E|CS|TAMS 0x000000072be00000, 0x000000072be00000| Complete 
|  90|0x000000072c000000, 0x000000072c200000, 0x000000072c200000|100%| E|CS|TAMS 0x000000072c000000, 0x000000072c000000| Complete 
|  91|0x000000072c200000, 0x000000072c400000, 0x000000072c400000|100%| E|CS|TAMS 0x000000072c200000, 0x000000072c200000| Complete 
|  92|0x000000072c400000, 0x000000072c600000, 0x000000072c600000|100%| E|CS|TAMS 0x000000072c400000, 0x000000072c400000| Complete 
|  93|0x000000072c600000, 0x000000072c7c4d90, 0x000000072c800000| 88%| S|CS|TAMS 0x000000072c600000, 0x000000072c600000| Complete 
|  94|0x000000072c800000, 0x000000072ca00000, 0x000000072ca00000|100%| E|CS|TAMS 0x000000072c800000, 0x000000072c800000| Complete 
|  95|0x000000072ca00000, 0x000000072cc00000, 0x000000072cc00000|100%| E|CS|TAMS 0x000000072ca00000, 0x000000072ca00000| Complete 
|  96|0x000000072cc00000, 0x000000072ce00000, 0x000000072ce00000|100%| E|CS|TAMS 0x000000072cc00000, 0x000000072cc00000| Complete 
|  97|0x000000072ce00000, 0x000000072d000000, 0x000000072d000000|100%| E|CS|TAMS 0x000000072ce00000, 0x000000072ce00000| Complete 
|  98|0x000000072d000000, 0x000000072d200000, 0x000000072d200000|100%| E|CS|TAMS 0x000000072d000000, 0x000000072d000000| Complete 
|  99|0x000000072d200000, 0x000000072d400000, 0x000000072d400000|100%| E|CS|TAMS 0x000000072d200000, 0x000000072d200000| Complete 
| 100|0x000000072d400000, 0x000000072d600000, 0x000000072d600000|100%| E|CS|TAMS 0x000000072d400000, 0x000000072d400000| Complete 
| 101|0x000000072d600000, 0x000000072d800000, 0x000000072d800000|100%| E|CS|TAMS 0x000000072d600000, 0x000000072d600000| Complete 
| 102|0x000000072d800000, 0x000000072da00000, 0x000000072da00000|100%| E|CS|TAMS 0x000000072d800000, 0x000000072d800000| Complete 
| 103|0x000000072da00000, 0x000000072dc00000, 0x000000072dc00000|100%| E|CS|TAMS 0x000000072da00000, 0x000000072da00000| Complete 
| 104|0x000000072dc00000, 0x000000072de00000, 0x000000072de00000|100%| E|CS|TAMS 0x000000072dc00000, 0x000000072dc00000| Complete 
| 105|0x000000072de00000, 0x000000072e000000, 0x000000072e000000|100%| E|CS|TAMS 0x000000072de00000, 0x000000072de00000| Complete 
| 106|0x000000072e000000, 0x000000072e200000, 0x000000072e200000|100%| E|CS|TAMS 0x000000072e000000, 0x000000072e000000| Complete 
| 107|0x000000072e200000, 0x000000072e400000, 0x000000072e400000|100%| E|CS|TAMS 0x000000072e200000, 0x000000072e200000| Complete 
| 108|0x000000072e400000, 0x000000072e600000, 0x000000072e600000|100%| E|CS|TAMS 0x000000072e400000, 0x000000072e400000| Complete 
| 109|0x000000072e600000, 0x000000072e800000, 0x000000072e800000|100%| E|CS|TAMS 0x000000072e600000, 0x000000072e600000| Complete 
| 110|0x000000072e800000, 0x000000072ea00000, 0x000000072ea00000|100%| E|CS|TAMS 0x000000072e800000, 0x000000072e800000| Complete 
| 111|0x000000072ea00000, 0x000000072ec00000, 0x000000072ec00000|100%| E|CS|TAMS 0x000000072ea00000, 0x000000072ea00000| Complete 

Card table byte_map: [0x000002184f400000,0x000002184fb00000] _byte_map_base: 0x000002184bafa000

Marking Bits (Prev, Next): (CMBitMap*) 0x00000218361b9fe0, (CMBitMap*) 0x00000218361ba020
 Prev Bits: [0x0000021850200000, 0x00000218539d0000)
 Next Bits: [0x00000218539d0000, 0x00000218571a0000)

Polling page: 0x00000218360a0000

Metaspace:

Usage:
  Non-class:     13.23 MB used.
      Class:      2.10 MB used.
       Both:     15.34 MB used.

Virtual space:
  Non-class space:       16.00 MB reserved,      13.38 MB ( 84%) committed,  2 nodes.
      Class space:        1.00 GB reserved,       2.19 MB ( <1%) committed,  1 nodes.
             Both:        1.02 GB reserved,      15.56 MB (  1%) committed. 

Chunk freelists:
   Non-Class:  1.80 MB
       Class:  1.83 MB
        Both:  3.62 MB

MaxMetaspaceSize: unlimited
CompressedClassSpaceSize: 1.00 GB
Initial GC threshold: 21.00 MB
Current GC threshold: 21.00 MB
CDS: on
MetaspaceReclaimPolicy: balanced
 - commit_granule_bytes: 65536.
 - commit_granule_words: 8192.
 - virtual_space_node_default_size: 1048576.
 - enlarge_chunks_in_place: 1.
 - new_chunks_are_fully_committed: 0.
 - uncommit_free_chunks: 1.
 - use_allocation_guard: 0.
 - handle_deallocations: 1.


Internal statistics:

num_allocs_failed_limit: 0.
num_arena_births: 156.
num_arena_deaths: 0.
num_vsnodes_births: 3.
num_vsnodes_deaths: 0.
num_space_committed: 249.
num_space_uncommitted: 0.
num_chunks_returned_to_freelist: 0.
num_chunks_taken_from_freelist: 629.
num_chunk_merges: 0.
num_chunk_splits: 448.
num_chunks_enlarged: 365.
num_purges: 0.
num_inconsistent_stats: 0.

CodeHeap 'non-profiled nmethods': size=120000Kb used=1754Kb max_used=1754Kb free=118245Kb
 bounds [0x0000021847490000, 0x0000021847700000, 0x000002184e9c0000]
CodeHeap 'profiled nmethods': size=120000Kb used=5228Kb max_used=5228Kb free=114771Kb
 bounds [0x000002183ff60000, 0x0000021840480000, 0x0000021847490000]
CodeHeap 'non-nmethods': size=5760Kb used=1488Kb max_used=1562Kb free=4271Kb
 bounds [0x000002183f9c0000, 0x000002183fc30000, 0x000002183ff60000]
 total_blobs=3319 nmethods=2542 adapters=689
 compilation: enabled
              stopped_count=0, restarted_count=0
 full_count=0

Compilation events (20 events):
Event: 35.657 Thread 0x0000021859bc9bc0 2541       3       com.sun.javafx.tk.Toolkit$$Lambda$387/0x0000000800e09728::run (8 bytes)
Event: 35.657 Thread 0x0000021859bc9bc0 nmethod 2541 0x0000021840476a90 code [0x0000021840476c40, 0x0000021840476e88]
Event: 35.657 Thread 0x0000021859bc9bc0 2542       3       com.sun.javafx.tk.Toolkit::lambda$runPulse$2 (8 bytes)
Event: 35.657 Thread 0x0000021859bc9bc0 nmethod 2542 0x0000021840476f90 code [0x0000021840477140, 0x0000021840477308]
Event: 35.688 Thread 0x0000021859bc9bc0 2543       3       javafx.collections.ListChangeBuilder::findSubChange (84 bytes)
Event: 35.689 Thread 0x0000021859bc9bc0 nmethod 2543 0x0000021840477410 code [0x00000218404775e0, 0x0000021840477b58]
Event: 35.718 Thread 0x0000021859bc9bc0 2544       3       jdk.internal.org.objectweb.asm.MethodVisitor::visitCode (15 bytes)
Event: 35.718 Thread 0x0000021859bc9bc0 nmethod 2544 0x0000021840477d90 code [0x0000021840477f40, 0x0000021840478168]
Event: 35.719 Thread 0x0000021859bc9bc0 2545       3       java.lang.invoke.InnerClassLambdaMetafactory$ForwardingMethodGenerator::convertArgumentTypes (96 bytes)
Event: 35.719 Thread 0x0000021859bc9bc0 nmethod 2545 0x0000021840478210 code [0x0000021840478460, 0x0000021840478f38]
Event: 35.719 Thread 0x0000021859bc9bc0 2546       3       java.lang.invoke.InnerClassLambdaMetafactory$ForwardingMethodGenerator::invocationOpcode (104 bytes)
Event: 35.720 Thread 0x0000021859bc9bc0 nmethod 2546 0x0000021840479490 code [0x0000021840479700, 0x0000021840479f38]
Event: 35.720 Thread 0x0000021859bc9bc0 2547       3       jdk.internal.org.objectweb.asm.MethodVisitor::visitMethodInsn (80 bytes)
Event: 35.720 Thread 0x0000021859bc9bc0 nmethod 2547 0x000002184047a210 code [0x000002184047a400, 0x000002184047a948]
Event: 35.720 Thread 0x0000021859bc9bc0 2548       3       java.lang.invoke.InnerClassLambdaMetafactory::getReturnOpcode (20 bytes)
Event: 35.721 Thread 0x0000021859bc9bc0 nmethod 2548 0x000002184047aa90 code [0x000002184047ac40, 0x000002184047ade8]
Event: 35.721 Thread 0x0000021859bc9bc0 2549       3       jdk.internal.org.objectweb.asm.MethodVisitor::visitMaxs (17 bytes)
Event: 35.721 Thread 0x0000021859bc9bc0 nmethod 2549 0x000002184047ae90 code [0x000002184047b040, 0x000002184047b268]
Event: 35.722 Thread 0x0000021859bc9bc0 2550       3       java.lang.invoke.InnerClassLambdaMetafactory$ForwardingMethodGenerator::generate (272 bytes)
Event: 35.722 Thread 0x0000021859bc9210 2551       4       java.lang.invoke.MethodType::hashCode (53 bytes)

GC Heap History (4 events):
Event: 1.136 GC heap before
{Heap before GC invocations=0 (full 0):
 garbage-first heap   total 229376K, used 22528K [0x0000000720c00000, 0x0000000800000000)
  region size 2048K, 11 young (22528K), 0 survivors (0K)
 Metaspace       used 4935K, committed 5056K, reserved 1056768K
  class space    used 478K, committed 512K, reserved 1048576K
}
Event: 1.141 GC heap after
{Heap after GC invocations=1 (full 0):
 garbage-first heap   total 229376K, used 3945K [0x0000000720c00000, 0x0000000800000000)
  region size 2048K, 2 young (4096K), 2 survivors (4096K)
 Metaspace       used 4935K, committed 5056K, reserved 1056768K
  class space    used 478K, committed 512K, reserved 1048576K
}
Event: 1.735 GC heap before
{Heap before GC invocations=1 (full 0):
 garbage-first heap   total 229376K, used 34665K [0x0000000720c00000, 0x0000000800000000)
  region size 2048K, 18 young (36864K), 2 survivors (4096K)
 Metaspace       used 8907K, committed 9088K, reserved 1064960K
  class space    used 1028K, committed 1088K, reserved 1048576K
}
Event: 1.739 GC heap after
{Heap after GC invocations=2 (full 0):
 garbage-first heap   total 229376K, used 5419K [0x0000000720c00000, 0x0000000800000000)
  region size 2048K, 1 young (2048K), 1 survivors (2048K)
 Metaspace       used 8907K, committed 9088K, reserved 1064960K
  class space    used 1028K, committed 1088K, reserved 1048576K
}

Deoptimization events (20 events):
Event: 2.939 Thread 0x000002185b738890 DEOPT PACKING pc=0x000002184754efb0 sp=0x0000008fc5ffc580
Event: 2.939 Thread 0x000002185b738890 DEOPT UNPACKING pc=0x000002183fa123a3 sp=0x0000008fc5ffc510 mode 2
Event: 2.994 Thread 0x000002185b738890 DEOPT PACKING pc=0x000002184028889c sp=0x0000008fc5ffc3d0
Event: 2.994 Thread 0x000002185b738890 DEOPT UNPACKING pc=0x000002183fa12b43 sp=0x0000008fc5ffb9b8 mode 1
Event: 2.994 Thread 0x000002185b738890 DEOPT PACKING pc=0x000002184008f7dc sp=0x0000008fc5ffc5c0
Event: 2.994 Thread 0x000002185b738890 DEOPT UNPACKING pc=0x000002183fa12b43 sp=0x0000008fc5ffba88 mode 1
Event: 5.425 Thread 0x000002185b550250 DEOPT PACKING pc=0x00000218403294c0 sp=0x0000008fc51fde20
Event: 5.425 Thread 0x000002185b550250 DEOPT UNPACKING pc=0x000002183fa12b43 sp=0x0000008fc51fd2a8 mode 0
Event: 5.641 Thread 0x000002185b550250 DEOPT PACKING pc=0x000002184032955c sp=0x0000008fc51fde20
Event: 5.641 Thread 0x000002185b550250 DEOPT UNPACKING pc=0x000002183fa12b43 sp=0x0000008fc51fd2a8 mode 0
Event: 5.647 Thread 0x000002185b550250 DEOPT PACKING pc=0x000002184032955c sp=0x0000008fc51fde20
Event: 5.647 Thread 0x000002185b550250 DEOPT UNPACKING pc=0x000002183fa12b43 sp=0x0000008fc51fd2a8 mode 0
Event: 34.314 Thread 0x000002185b550250 DEOPT PACKING pc=0x000002184033c17b sp=0x0000008fc51fe1c0
Event: 34.314 Thread 0x000002185b550250 DEOPT UNPACKING pc=0x000002183fa12b43 sp=0x0000008fc51fd5e0 mode 0
Event: 34.365 Thread 0x000002185b550250 DEOPT PACKING pc=0x0000021840331dc2 sp=0x0000008fc51fe180
Event: 34.365 Thread 0x000002185b550250 DEOPT UNPACKING pc=0x000002183fa12b43 sp=0x0000008fc51fd610 mode 0
Event: 35.033 Thread 0x000002185b550250 DEOPT PACKING pc=0x0000021840424d9f sp=0x0000008fc51fdec0
Event: 35.033 Thread 0x000002185b550250 DEOPT UNPACKING pc=0x000002183fa12b43 sp=0x0000008fc51fd398 mode 0
Event: 35.723 Thread 0x0000021861a949a0 DEOPT PACKING pc=0x0000021840180b4c sp=0x0000008fc77ff550
Event: 35.723 Thread 0x0000021861a949a0 DEOPT UNPACKING pc=0x000002183fa12b43 sp=0x0000008fc77fe9b0 mode 1

Classes unloaded (0 events):
No events

Classes redefined (0 events):
No events

Internal exceptions (20 events):
Event: 1.331 Thread 0x000002185abba900 Exception <a 'java/lang/NoSuchMethodError'{0x000000072e9cd160}: 'void java.lang.invoke.DirectMethodHandle$Holder.invokeStatic(java.lang.Object, java.lang.Object, java.lang.Object, java.lang.Object)'> (0x000000072e9cd160) 
thrown [t:\workspace\open\src\hotspot\share\interpreter\linkResolver.cpp, line 766]
Event: 1.453 Thread 0x000002185b738890 Exception <a 'java/lang/ClassNotFoundException'{0x000000072daf5d90}: sun/awt/resources/spi/awtProvider> (0x000000072daf5d90) 
thrown [t:\workspace\open\src\hotspot\share\classfile\systemDictionary.cpp, line 256]
Event: 1.460 Thread 0x000002185b738890 Exception <a 'java/io/FileNotFoundException'{0x000000072dafc638}> (0x000000072dafc638) 
thrown [t:\workspace\open\src\hotspot\share\prims\jni.cpp, line 516]
Event: 1.461 Thread 0x000002185b738890 Exception <a 'java/io/FileNotFoundException'{0x000000072dafdb58}> (0x000000072dafdb58) 
thrown [t:\workspace\open\src\hotspot\share\prims\jni.cpp, line 516]
Event: 1.557 Thread 0x000002185b738890 Exception <a 'java/lang/NoSuchMethodError'{0x000000072d109808}: 'java.lang.Object java.lang.invoke.DirectMethodHandle$Holder.invokeStaticInit(java.lang.Object, java.lang.Object, java.lang.Object, java.lang.Object)'> (0x000000072d109808) 
thrown [t:\workspace\open\src\hotspot\share\interpreter\linkResolver.cpp, line 766]
Event: 1.560 Thread 0x000002185b738890 Exception <a 'java/lang/NullPointerException'{0x000000072d119378}> (0x000000072d119378) 
thrown [t:\workspace\open\src\hotspot\share\interpreter\linkResolver.cpp, line 1357]
Event: 1.579 Thread 0x000002185b738890 Exception <a 'java/lang/NoSuchMethodError'{0x000000072d1d9ed8}: 'java.lang.Object java.lang.invoke.DirectMethodHandle$Holder.invokeInterface(java.lang.Object, java.lang.Object)'> (0x000000072d1d9ed8) 
thrown [t:\workspace\open\src\hotspot\share\interpreter\linkResolver.cpp, line 766]
Event: 1.815 Thread 0x000002185b738890 Exception <a 'java/lang/NoSuchMethodError'{0x000000072e8dc7b0}: 'void java.lang.invoke.DirectMethodHandle$Holder.invokeStaticInit(java.lang.Object, java.lang.Object)'> (0x000000072e8dc7b0) 
thrown [t:\workspace\open\src\hotspot\share\interpreter\linkResolver.cpp, line 766]
Event: 1.858 Thread 0x000002185b738890 Exception <a 'java/lang/NoSuchMethodError'{0x000000072e6623d8}: 'void java.lang.invoke.DirectMethodHandle$Holder.invokeSpecial(java.lang.Object, java.lang.Object, java.lang.Object, java.lang.Object, java.lang.Object)'> (0x000000072e6623d8) 
thrown [t:\workspace\open\src\hotspot\share\interpreter\linkResolver.cpp, line 766]
Event: 2.246 Thread 0x000002185b738890 Implicit null exception at 0x0000021847530e19 to 0x0000021847531410
Event: 2.247 Thread 0x000002185b738890 Implicit null exception at 0x000002184752d219 to 0x000002184752d7f4
Event: 2.418 Thread 0x000002185b738890 Exception <a 'java/io/FileNotFoundException'{0x000000072d66b538}> (0x000000072d66b538) 
thrown [t:\workspace\open\src\hotspot\share\prims\jni.cpp, line 516]
Event: 2.567 Thread 0x000002185b738890 Exception <a 'java/lang/NoSuchMethodError'{0x000000072d3fcc58}: 'java.lang.Object java.lang.invoke.DirectMethodHandle$Holder.invokeInterface(java.lang.Object, java.lang.Object, java.lang.Object)'> (0x000000072d3fcc58) 
thrown [t:\workspace\open\src\hotspot\share\interpreter\linkResolver.cpp, line 766]
Event: 2.568 Thread 0x000002185b738890 Exception <a 'java/lang/IncompatibleClassChangeError'{0x000000072d000ed0}: Found class java.lang.Object, but interface was expected> (0x000000072d000ed0) 
thrown [t:\workspace\open\src\hotspot\share\interpreter\linkResolver.cpp, line 833]
Event: 2.951 Thread 0x000002185b738890 Exception <a 'java/lang/NoSuchMethodError'{0x000000072c0220d8}: 'java.lang.Object java.lang.invoke.DirectMethodHandle$Holder.newInvokeSpecial(java.lang.Object, java.lang.Object, int)'> (0x000000072c0220d8) 
thrown [t:\workspace\open\src\hotspot\share\interpreter\linkResolver.cpp, line 766]
Event: 2.983 Thread 0x000002185b738890 Exception <a 'java/lang/NoSuchMethodError'{0x000000072c08cfd8}: 'long java.lang.invoke.DirectMethodHandle$Holder.invokeStatic(java.lang.Object, java.lang.Object, java.lang.Object)'> (0x000000072c08cfd8) 
thrown [t:\workspace\open\src\hotspot\share\interpreter\linkResolver.cpp, line 766]
Event: 2.984 Thread 0x000002185b738890 Exception <a 'java/lang/NoSuchMethodError'{0x000000072c090a28}: 'long java.lang.invoke.DirectMethodHandle$Holder.invokeStaticInit(java.lang.Object, java.lang.Object, java.lang.Object)'> (0x000000072c090a28) 
thrown [t:\workspace\open\src\hotspot\share\interpreter\linkResolver.cpp, line 766]
Event: 2.988 Thread 0x000002185b738890 Exception <a 'java/lang/NoSuchMethodError'{0x000000072c0a88d8}: 'java.lang.Object java.lang.invoke.DirectMethodHandle$Holder.newInvokeSpecial(java.lang.Object, java.lang.Object, long)'> (0x000000072c0a88d8) 
thrown [t:\workspace\open\src\hotspot\share\interpreter\linkResolver.cpp, line 766]
Event: 2.989 Thread 0x000002185b738890 Exception <a 'java/lang/NoSuchMethodError'{0x000000072c0ac448}: 'java.lang.Object java.lang.invoke.Invokers$Holder.linkToTargetMethod(java.lang.Object, long, java.lang.Object)'> (0x000000072c0ac448) 
thrown [t:\workspace\open\src\hotspot\share\interpreter\linkResolver.cpp, line 766]
Event: 3.012 Thread 0x000002185b550250 Exception <a 'java/lang/NoSuchMethodError'{0x000000072c199618}: 'int java.lang.invoke.DirectMethodHandle$Holder.invokeStaticInit(java.lang.Object, java.lang.Object)'> (0x000000072c199618) 
thrown [t:\workspace\open\src\hotspot\share\interpreter\linkResolver.cpp, line 766]

VM Operations (20 events):
Event: 1.141 Executing VM operation: Cleanup done
Event: 1.176 Executing VM operation: HandshakeAllThreads
Event: 1.176 Executing VM operation: HandshakeAllThreads done
Event: 1.330 Executing VM operation: HandshakeAllThreads
Event: 1.331 Executing VM operation: HandshakeAllThreads done
Event: 1.735 Executing VM operation: G1CollectForAllocation
Event: 1.739 Executing VM operation: G1CollectForAllocation done
Event: 1.739 Executing VM operation: Cleanup
Event: 1.740 Executing VM operation: Cleanup done
Event: 2.534 Executing VM operation: HandshakeAllThreads
Event: 2.534 Executing VM operation: HandshakeAllThreads done
Event: 3.534 Executing VM operation: Cleanup
Event: 3.534 Executing VM operation: Cleanup done
Event: 4.535 Executing VM operation: Cleanup
Event: 4.535 Executing VM operation: Cleanup done
Event: 6.536 Executing VM operation: Cleanup
Event: 6.536 Executing VM operation: Cleanup done
Event: 34.546 Executing VM operation: Cleanup
Event: 34.546 Executing VM operation: Cleanup done
Event: 35.724 Executing VM operation: Exit

Events (20 events):
Event: 3.107 loading class jdk/internal/reflect/UnsafeQualifiedStaticFieldAccessorImpl done
Event: 3.107 loading class jdk/internal/reflect/UnsafeQualifiedStaticObjectFieldAccessorImpl done
Event: 3.768 Thread 0x000002185c49df00 Thread exited: 0x000002185c49df00
Event: 3.848 Thread 0x000002185b99e7c0 Thread exited: 0x000002185b99e7c0
Event: 4.734 loading class java/util/EnumMap$Values
Event: 4.735 loading class java/util/EnumMap$Values done
Event: 4.735 loading class java/util/EnumMap$ValueIterator
Event: 4.735 loading class java/util/EnumMap$EnumMapIterator
Event: 4.735 loading class java/util/EnumMap$EnumMapIterator done
Event: 4.735 loading class java/util/EnumMap$ValueIterator done
Event: 5.625 loading class java/io/UnsupportedEncodingException
Event: 5.625 loading class java/io/UnsupportedEncodingException done
Event: 35.721 Thread 0x0000021861a914b0 Thread added: 0x0000021861a914b0
Event: 35.721 Thread 0x0000021861a949a0 Thread added: 0x0000021861a949a0
Event: 35.722 Thread 0x0000021861a914b0 Thread exited: 0x0000021861a914b0
Event: 35.723 loading class java/util/LinkedList$ListItr
Event: 35.723 loading class java/util/LinkedList$ListItr done
Event: 35.723 Thread 0x0000021861a949a0 Thread exited: 0x0000021861a949a0
Event: 35.723 Thread 0x000002185a981af0 Thread exited: 0x000002185a981af0
Event: 35.723 Thread 0x000002185aa16ac0 Thread exited: 0x000002185aa16ac0


Dynamic libraries:
0x00007ff6dd390000 - 0x00007ff6dd39e000 	C:\Program Files\Java\jdk-17\bin\javaw.exe
0x00007ffb11110000 - 0x00007ffb11305000 	C:\WINDOWS\SYSTEM32\ntdll.dll
0x00007ffb11010000 - 0x00007ffb110ce000 	C:\WINDOWS\System32\KERNEL32.DLL
0x00007ffb0ed80000 - 0x00007ffb0f049000 	C:\WINDOWS\System32\KERNELBASE.dll
0x00007ffb0eb90000 - 0x00007ffb0ec90000 	C:\WINDOWS\System32\ucrtbase.dll
0x00007ffb000d0000 - 0x00007ffb000e8000 	C:\Program Files\Java\jdk-17\bin\jli.dll
0x00007ffaffdb0000 - 0x00007ffaffdca000 	C:\Program Files\Java\jdk-17\bin\VCRUNTIME140.dll
0x00007ffb0f7f0000 - 0x00007ffb0f991000 	C:\WINDOWS\System32\USER32.dll
0x00007ffb0ea70000 - 0x00007ffb0ea92000 	C:\WINDOWS\System32\win32u.dll
0x00007ffb10580000 - 0x00007ffb105ab000 	C:\WINDOWS\System32\GDI32.dll
0x00007ffaec960000 - 0x00007ffaecbfa000 	C:\WINDOWS\WinSxS\amd64_microsoft.windows.common-controls_6595b64144ccf1df_6.0.19041.1110_none_60b5254171f9507e\COMCTL32.dll
0x00007ffb0f050000 - 0x00007ffb0f15b000 	C:\WINDOWS\System32\gdi32full.dll
0x00007ffb10ea0000 - 0x00007ffb10f3e000 	C:\WINDOWS\System32\msvcrt.dll
0x00007ffb0ec90000 - 0x00007ffb0ed2d000 	C:\WINDOWS\System32\msvcp_win.dll
0x00007ffb10550000 - 0x00007ffb10580000 	C:\WINDOWS\System32\IMM32.DLL
0x00007ffb08e70000 - 0x00007ffb08e7c000 	C:\Program Files\Java\jdk-17\bin\vcruntime140_1.dll
0x00007ffaf79e0000 - 0x00007ffaf7a6d000 	C:\Program Files\Java\jdk-17\bin\msvcp140.dll
0x00007ffac4d80000 - 0x00007ffac593e000 	C:\Program Files\Java\jdk-17\bin\server\jvm.dll
0x00007ffb0fc80000 - 0x00007ffb0fd2c000 	C:\WINDOWS\System32\ADVAPI32.dll
0x00007ffb10240000 - 0x00007ffb102db000 	C:\WINDOWS\System32\sechost.dll
0x00007ffb103c0000 - 0x00007ffb104ea000 	C:\WINDOWS\System32\RPCRT4.dll
0x00007ffb0fc70000 - 0x00007ffb0fc78000 	C:\WINDOWS\System32\PSAPI.DLL
0x00007ffaff880000 - 0x00007ffaff889000 	C:\WINDOWS\SYSTEM32\WSOCK32.dll
0x00007ffb01f00000 - 0x00007ffb01f27000 	C:\WINDOWS\SYSTEM32\WINMM.dll
0x00007ffb02a20000 - 0x00007ffb02a2a000 	C:\WINDOWS\SYSTEM32\VERSION.dll
0x00007ffb0f9b0000 - 0x00007ffb0fa1b000 	C:\WINDOWS\System32\WS2_32.dll
0x00007ffb0d0e0000 - 0x00007ffb0d0f2000 	C:\WINDOWS\SYSTEM32\kernel.appcore.dll
0x00007ffb07c40000 - 0x00007ffb07c4a000 	C:\Program Files\Java\jdk-17\bin\jimage.dll
0x00007ffb0c5c0000 - 0x00007ffb0c7a4000 	C:\WINDOWS\SYSTEM32\DBGHELP.DLL
0x00007ffb01cf0000 - 0x00007ffb01d1c000 	C:\WINDOWS\SYSTEM32\dbgcore.DLL
0x00007ffb0eaa0000 - 0x00007ffb0eb23000 	C:\WINDOWS\System32\bcryptPrimitives.dll
0x00007ffaff4f0000 - 0x00007ffaff52b000 	C:\Program Files\Java\jdk-17\bin\jdwp.dll
0x00007ffb01ef0000 - 0x00007ffb01efe000 	C:\Program Files\Java\jdk-17\bin\instrument.dll
0x00007ffaff6c0000 - 0x00007ffaff6e5000 	C:\Program Files\Java\jdk-17\bin\java.dll
0x00007ffaf7700000 - 0x00007ffaf77d6000 	C:\Program Files\Java\jdk-17\bin\svml.dll
0x00007ffb10760000 - 0x00007ffb10e9f000 	C:\WINDOWS\System32\SHELL32.dll
0x00007ffb0c7b0000 - 0x00007ffb0cf40000 	C:\WINDOWS\SYSTEM32\windows.storage.dll
0x00007ffb0fee0000 - 0x00007ffb10235000 	C:\WINDOWS\System32\combase.dll
0x00007ffb0e1b0000 - 0x00007ffb0e1dc000 	C:\WINDOWS\SYSTEM32\Wldp.dll
0x00007ffb0fa20000 - 0x00007ffb0face000 	C:\WINDOWS\System32\SHCORE.dll
0x00007ffb0fc00000 - 0x00007ffb0fc55000 	C:\WINDOWS\System32\shlwapi.dll
0x00007ffb0e770000 - 0x00007ffb0e78f000 	C:\WINDOWS\SYSTEM32\profapi.dll
0x00007ffb00440000 - 0x00007ffb0044c000 	C:\Program Files\Java\jdk-17\bin\dt_socket.dll
0x00007ffb0dc00000 - 0x00007ffb0dc3b000 	C:\WINDOWS\SYSTEM32\IPHLPAPI.DLL
0x00007ffb0df10000 - 0x00007ffb0df7a000 	C:\WINDOWS\system32\mswsock.dll
0x00007ffb0dc40000 - 0x00007ffb0dd0c000 	C:\WINDOWS\SYSTEM32\DNSAPI.dll
0x00007ffb0f9a0000 - 0x00007ffb0f9a8000 	C:\WINDOWS\System32\NSI.dll
0x00007ffb05c50000 - 0x00007ffb05c5a000 	C:\Windows\System32\rasadhlp.dll
0x00007ffaf0ee0000 - 0x00007ffaf0f5f000 	C:\WINDOWS\System32\fwpuclnt.dll
0x00007ffb0e830000 - 0x00007ffb0e857000 	C:\WINDOWS\System32\bcrypt.dll
0x00007ffaff440000 - 0x00007ffaff458000 	C:\Program Files\Java\jdk-17\bin\zip.dll
0x00007ffaff3c0000 - 0x00007ffaff3d9000 	C:\Program Files\Java\jdk-17\bin\net.dll
0x00007ffb01340000 - 0x00007ffb01448000 	C:\WINDOWS\SYSTEM32\WINHTTP.dll
0x00007ffaf76e0000 - 0x00007ffaf76f5000 	C:\Program Files\Java\jdk-17\bin\nio.dll
0x00007ffaffa50000 - 0x00007ffaffa60000 	C:\Program Files\Java\jdk-17\bin\verify.dll
0x0000021838170000 - 0x0000021838173000 	C:\Users\rober\.openjfx\cache\17\api-ms-win-core-console-l1-1-0.dll
0x0000021838180000 - 0x0000021838183000 	C:\Users\rober\.openjfx\cache\17\api-ms-win-core-console-l1-2-0.dll
0x0000021838190000 - 0x0000021838193000 	C:\Users\rober\.openjfx\cache\17\api-ms-win-core-datetime-l1-1-0.dll
0x0000021859d20000 - 0x0000021859d23000 	C:\Users\rober\.openjfx\cache\17\api-ms-win-core-debug-l1-1-0.dll
0x0000021859d30000 - 0x0000021859d33000 	C:\Users\rober\.openjfx\cache\17\api-ms-win-core-errorhandling-l1-1-0.dll
0x0000021859d40000 - 0x0000021859d44000 	C:\Users\rober\.openjfx\cache\17\api-ms-win-core-file-l1-1-0.dll
0x0000021859d50000 - 0x0000021859d53000 	C:\Users\rober\.openjfx\cache\17\api-ms-win-core-file-l1-2-0.dll
0x0000021859d60000 - 0x0000021859d63000 	C:\Users\rober\.openjfx\cache\17\api-ms-win-core-file-l2-1-0.dll
0x0000021859d70000 - 0x0000021859d73000 	C:\Users\rober\.openjfx\cache\17\api-ms-win-core-handle-l1-1-0.dll
0x0000021859d80000 - 0x0000021859d83000 	C:\Users\rober\.openjfx\cache\17\api-ms-win-core-heap-l1-1-0.dll
0x0000021859d90000 - 0x0000021859d93000 	C:\Users\rober\.openjfx\cache\17\api-ms-win-core-interlocked-l1-1-0.dll
0x0000021859da0000 - 0x0000021859da3000 	C:\Users\rober\.openjfx\cache\17\api-ms-win-core-libraryloader-l1-1-0.dll
0x0000021859db0000 - 0x0000021859db3000 	C:\Users\rober\.openjfx\cache\17\api-ms-win-core-localization-l1-2-0.dll
0x0000021859dc0000 - 0x0000021859dc3000 	C:\Users\rober\.openjfx\cache\17\api-ms-win-core-memory-l1-1-0.dll
0x0000021859dd0000 - 0x0000021859dd3000 	C:\Users\rober\.openjfx\cache\17\api-ms-win-core-namedpipe-l1-1-0.dll
0x0000021859de0000 - 0x0000021859de3000 	C:\Users\rober\.openjfx\cache\17\api-ms-win-core-processenvironment-l1-1-0.dll
0x0000021859df0000 - 0x0000021859df3000 	C:\Users\rober\.openjfx\cache\17\api-ms-win-core-processthreads-l1-1-0.dll
0x0000021859e00000 - 0x0000021859e03000 	C:\Users\rober\.openjfx\cache\17\api-ms-win-core-processthreads-l1-1-1.dll
0x0000021859e10000 - 0x0000021859e13000 	C:\Users\rober\.openjfx\cache\17\api-ms-win-core-profile-l1-1-0.dll
0x0000021859e20000 - 0x0000021859e23000 	C:\Users\rober\.openjfx\cache\17\api-ms-win-core-rtlsupport-l1-1-0.dll
0x0000021859e30000 - 0x0000021859e33000 	C:\Users\rober\.openjfx\cache\17\api-ms-win-core-string-l1-1-0.dll
0x0000021859e40000 - 0x0000021859e43000 	C:\Users\rober\.openjfx\cache\17\api-ms-win-core-synch-l1-1-0.dll
0x0000021859e50000 - 0x0000021859e53000 	C:\Users\rober\.openjfx\cache\17\api-ms-win-core-synch-l1-2-0.dll
0x0000021859e60000 - 0x0000021859e63000 	C:\Users\rober\.openjfx\cache\17\api-ms-win-core-sysinfo-l1-1-0.dll
0x0000021859e70000 - 0x0000021859e73000 	C:\Users\rober\.openjfx\cache\17\api-ms-win-core-timezone-l1-1-0.dll
0x0000021859e80000 - 0x0000021859e83000 	C:\Users\rober\.openjfx\cache\17\api-ms-win-core-util-l1-1-0.dll
0x0000021859e90000 - 0x0000021859e93000 	C:\Users\rober\.openjfx\cache\17\api-ms-win-crt-conio-l1-1-0.dll
0x0000021859ea0000 - 0x0000021859ea4000 	C:\Users\rober\.openjfx\cache\17\api-ms-win-crt-convert-l1-1-0.dll
0x0000021859eb0000 - 0x0000021859eb3000 	C:\Users\rober\.openjfx\cache\17\api-ms-win-crt-environment-l1-1-0.dll
0x0000021859ec0000 - 0x0000021859ec3000 	C:\Users\rober\.openjfx\cache\17\api-ms-win-crt-filesystem-l1-1-0.dll
0x0000021859ed0000 - 0x0000021859ed3000 	C:\Users\rober\.openjfx\cache\17\api-ms-win-crt-heap-l1-1-0.dll
0x0000021859ee0000 - 0x0000021859ee3000 	C:\Users\rober\.openjfx\cache\17\api-ms-win-crt-locale-l1-1-0.dll
0x0000021859ef0000 - 0x0000021859ef5000 	C:\Users\rober\.openjfx\cache\17\api-ms-win-crt-math-l1-1-0.dll
0x0000021859f00000 - 0x0000021859f05000 	C:\Users\rober\.openjfx\cache\17\api-ms-win-crt-multibyte-l1-1-0.dll
0x0000021859f10000 - 0x0000021859f20000 	C:\Users\rober\.openjfx\cache\17\api-ms-win-crt-private-l1-1-0.dll
0x0000021859f20000 - 0x0000021859f23000 	C:\Users\rober\.openjfx\cache\17\api-ms-win-crt-process-l1-1-0.dll
0x0000021859f30000 - 0x0000021859f34000 	C:\Users\rober\.openjfx\cache\17\api-ms-win-crt-runtime-l1-1-0.dll
0x0000021859f40000 - 0x0000021859f44000 	C:\Users\rober\.openjfx\cache\17\api-ms-win-crt-stdio-l1-1-0.dll
0x0000021859f50000 - 0x0000021859f54000 	C:\Users\rober\.openjfx\cache\17\api-ms-win-crt-string-l1-1-0.dll
0x0000021859f60000 - 0x0000021859f63000 	C:\Users\rober\.openjfx\cache\17\api-ms-win-crt-time-l1-1-0.dll
0x0000021859f70000 - 0x0000021859f73000 	C:\Users\rober\.openjfx\cache\17\api-ms-win-crt-utility-l1-1-0.dll
0x00007ffaf75e0000 - 0x00007ffaf76dc000 	C:\Users\rober\.openjfx\cache\17\ucrtbase.dll
0x00007ffaf7430000 - 0x00007ffaf744a000 	C:\Users\rober\.openjfx\cache\17\vcruntime140.dll
0x00007ffaff470000 - 0x00007ffaff47c000 	C:\Users\rober\.openjfx\cache\17\vcruntime140_1.dll
0x00007ffaf5ed0000 - 0x00007ffaf5f5d000 	C:\Users\rober\.openjfx\cache\17\msvcp140.dll
0x00007ffaf7400000 - 0x00007ffaf742a000 	C:\Users\rober\.openjfx\cache\17\prism_d3d.dll
0x00007ffaccd80000 - 0x00007ffaccf4e000 	C:\WINDOWS\system32\d3d9.dll
0x00007ffb0bfe0000 - 0x00007ffb0c00f000 	C:\WINDOWS\SYSTEM32\dwmapi.dll
0x00007ffb0bdf0000 - 0x00007ffb0be8e000 	C:\WINDOWS\system32\uxtheme.dll
0x00007ffb019e0000 - 0x00007ffb01bbb000 	C:\WINDOWS\System32\DriverStore\FileRepository\u0365656.inf_amd64_5926d42fa64b989d\B365142\aticfx64.dll
0x00007ffaf73c0000 - 0x00007ffaf73f3000 	C:\WINDOWS\System32\DriverStore\FileRepository\u0365656.inf_amd64_5926d42fa64b989d\B365142\atiu9p64.dll
0x00007ffac2f70000 - 0x00007ffac3c82000 	C:\WINDOWS\System32\DriverStore\FileRepository\u0365656.inf_amd64_5926d42fa64b989d\B365142\atiumd64.dll
0x00007ffb0fad0000 - 0x00007ffb0fbfa000 	C:\WINDOWS\System32\ole32.dll
0x0000000069d50000 - 0x000000006ac0d000 	C:\WINDOWS\System32\DriverStore\FileRepository\u0365656.inf_amd64_5926d42fa64b989d\B365142\atiumd6a.dll
0x00007ffb0e6a0000 - 0x00007ffb0e6eb000 	C:\WINDOWS\SYSTEM32\POWRPROF.dll
0x00007ffb0e680000 - 0x00007ffb0e692000 	C:\WINDOWS\SYSTEM32\UMPDC.dll
0x00007ffb0bb40000 - 0x00007ffb0bb70000 	C:\WINDOWS\SYSTEM32\amdihk64.dll
0x00007ffaf5d60000 - 0x00007ffaf5da2000 	C:\Users\rober\.openjfx\cache\17\glass.dll
0x00007ffb0f710000 - 0x00007ffb0f7ea000 	C:\WINDOWS\System32\COMDLG32.dll
0x00007ffb10f40000 - 0x00007ffb1100d000 	C:\WINDOWS\System32\OLEAUT32.dll
0x00007ffb0fdc0000 - 0x00007ffb0fed5000 	C:\WINDOWS\System32\MSCTF.dll
0x00007ffb08f00000 - 0x00007ffb08f3b000 	C:\WINDOWS\SYSTEM32\dxcore.dll
0x00007ffb0ed30000 - 0x00007ffb0ed7e000 	C:\WINDOWS\System32\cfgmgr32.dll
0x00007ffaf59a0000 - 0x00007ffaf5b2e000 	C:\Program Files\Java\jdk-17\bin\awt.dll
0x00007ffb0bc10000 - 0x00007ffb0bca0000 	C:\WINDOWS\SYSTEM32\apphelp.dll
0x00007ffaf7f90000 - 0x00007ffaf7fa4000 	C:\Users\rober\.openjfx\cache\17\javafx_font.dll
0x00007ffafa320000 - 0x00007ffafa5a3000 	C:\WINDOWS\SYSTEM32\dwrite.dll
0x00007ffb0f160000 - 0x00007ffb0f209000 	C:\WINDOWS\System32\clbcatq.dll
0x00007ffb06a50000 - 0x00007ffb06c04000 	C:\WINDOWS\SYSTEM32\WindowsCodecs.dll
0x00007ffafacb0000 - 0x00007ffafacee000 	C:\WINDOWS\system32\dataexchange.dll
0x00007ffb0adc0000 - 0x00007ffb0b024000 	C:\WINDOWS\system32\d3d11.dll
0x00007ffb0b030000 - 0x00007ffb0b216000 	C:\WINDOWS\system32\dcomp.dll
0x00007ffb0d120000 - 0x00007ffb0d214000 	C:\WINDOWS\system32\dxgi.dll

dbghelp: loaded successfully - version: 4.0.5 - missing functions: none
symbol engine: initialized successfully - sym options: 0x614 - pdb path: .;C:\Program Files\Java\jdk-17\bin;C:\WINDOWS\SYSTEM32;C:\WINDOWS\WinSxS\amd64_microsoft.windows.common-controls_6595b64144ccf1df_6.0.19041.1110_none_60b5254171f9507e;C:\Program Files\Java\jdk-17\bin\server;C:\Users\rober\.openjfx\cache\17;C:\WINDOWS\System32\DriverStore\FileRepository\u0365656.inf_amd64_5926d42fa64b989d\B365142;C:\Program Files\Common Files\Microsoft Shared\Ink;C:\WINDOWS\WinSxS\amd64_microsoft.windows.gdiplus_6595b64144ccf1df_1.1.19041.1151_none_91a40286cc884949;C:\Users\rober\AppData\Local\Microsoft\OneDrive\21.196.0921.0007

VM Arguments:
jvm_args: -XX:+ShowCodeDetailsInExceptionMessages -agentlib:jdwp=transport=dt_socket,suspend=y,address=localhost:62264 -javaagent:C:\Users\rober\eclipse\java-2020-06\eclipse\configuration\org.eclipse.osgi\632\0\.cp\lib\javaagent-shaded.jar -Dfile.encoding=UTF-8 
java_command: io.github.railroad.Startup
java_class_path (initial): C:\Users\rober\Documents\GitHub\Railroad\bin\main;C:\Users\rober\.gradle\caches\modules-2\files-2.1\org.jetbrains\annotations\22.0.0\fb9bebc90794c7602e73d6ed0cb165a0c650be62\annotations-22.0.0.jar;C:\Users\rober\.gradle\caches\modules-2\files-2.1\org.fxmisc.richtext\richtextfx\0.10.6\e95c2e045ba46d4be415ceacf1a3c872d017dde4\richtextfx-0.10.6.jar;C:\Users\rober\.gradle\caches\modules-2\files-2.1\org.json\json\20210307\528c8df3757e8bcf151817b1d7b9b434f6aa08d5\json-20210307.jar;C:\Users\rober\.gradle\caches\modules-2\files-2.1\com.google.code.gson\gson\2.8.8\431fc3cbc0ff81abdbfde070062741089c3ba874\gson-2.8.8.jar;C:\Users\rober\.gradle\caches\modules-2\files-2.1\commons-io\commons-io\2.11.0\a2503f302b11ebde7ebc3df41daebe0e4eea3689\commons-io-2.11.0.jar;C:\Users\rober\.gradle\caches\modules-2\files-2.1\com.github.Vatuu\discord-rpc\1.6.2\1e2a38614325e809efe442d82231e7c172cf94ab\discord-rpc-1.6.2.jar;C:\Users\rober\.gradle\caches\modules-2\files-2.1\com.panemu\tiwulfx-dock\0.1\ce632058513a465a84c4e5bb3dc7ebec2ee49b71\tiwulfx-dock-0.1.jar;C:\Users\rober\.gradle\caches\modules-2\files-2.1\org.apache.commons\commons-lang3\3.12.0\c6842c86792ff03b9f1d1fe2aab8dc23aa6c6f0e\commons-lang3-3.12.0.jar;C:\Users\rober\.gradle\caches\modules-2\files-2.1\io.github.palexdev\materialfx\11.12.0\b00a7de5ff498909e86a7541a01bfb82249e7849\materialfx-11.12.0.jar;C:\Users\rober\.gradle\caches\modules-2\files-2.1\org.openjfx\javafx-swing\17\aa76aa2e01dc8899dbfd4f2fb296cec7fc266ec6\javafx-swing-17-win.jar;C:\Users\rober\.gradle\caches\modules-2\files-2.1\org.openjfx\javafx-web\17\be4a308dbcc947af2a9d9c42a72fd7f6d0ba77b9\javafx-web-17-win.jar;C:\Users\rober\.gradle\caches\modules-2\files-2.1\org.openjfx\javafx-fxml\17\8d79ed85fa9dde644d4b37d93a02a2ef2818769\javafx-fxml-17-win.jar;C:\Users\rober\.gradle\caches\modules-2\files-2.1\org.openjfx\javafx-controls\17\efc0f4edde079c22987064922530c67fa1350a9b\javafx-controls-17-win.jar;C:\Users\rober\.gradle\caches\modules-2\file
Launcher Type: SUN_STANDARD

[Global flags]
     intx CICompilerCount                          = 4                                         {product} {ergonomic}
     uint ConcGCThreads                            = 2                                         {product} {ergonomic}
     uint G1ConcRefinementThreads                  = 8                                         {product} {ergonomic}
   size_t G1HeapRegionSize                         = 2097152                                   {product} {ergonomic}
    uintx GCDrainStackTargetSize                   = 64                                        {product} {ergonomic}
   size_t InitialHeapSize                          = 234881024                                 {product} {ergonomic}
   size_t MarkStackSize                            = 4194304                                   {product} {ergonomic}
   size_t MaxHeapSize                              = 3745513472                                {product} {ergonomic}
   size_t MaxNewSize                               = 2246049792                                {product} {ergonomic}
   size_t MinHeapDeltaBytes                        = 2097152                                   {product} {ergonomic}
   size_t MinHeapSize                              = 8388608                                   {product} {ergonomic}
    uintx NonNMethodCodeHeapSize                   = 5839372                                {pd product} {ergonomic}
    uintx NonProfiledCodeHeapSize                  = 122909434                              {pd product} {ergonomic}
    uintx ProfiledCodeHeapSize                     = 122909434                              {pd product} {ergonomic}
    uintx ReservedCodeCacheSize                    = 251658240                              {pd product} {ergonomic}
     bool SegmentedCodeCache                       = true                                      {product} {ergonomic}
     bool ShowCodeDetailsInExceptionMessages       = true                                   {manageable} {command line}
   size_t SoftMaxHeapSize                          = 3745513472                             {manageable} {ergonomic}
     bool UseCompressedClassPointers               = true                           {product lp64_product} {ergonomic}
     bool UseCompressedOops                        = true                           {product lp64_product} {ergonomic}
     bool UseG1GC                                  = true                                      {product} {ergonomic}
     bool UseLargePagesIndividualAllocation        = false                                  {pd product} {ergonomic}

Logging:
Log output configuration:
 #0: stdout all=off uptime,level,tags
 #1: stderr all=off uptime,level,tags

Environment Variables:
JAVA_HOME=C:\Program Files\Eclipse Foundation\jdk-16.0.2.7-hotspot
PATH=C:/Program Files/Eclipse Foundation/jdk-16.0.2.7-hotspot//bin/server;C:/Program Files/Eclipse Foundation/jdk-16.0.2.7-hotspot//bin;C:\Program Files\Eclipse Foundation\jdk-16.0.2.7-hotspot\\bin;C:\Program Files\Common Files\Oracle\Java\javapath;C:\Program Files\AdoptOpenJDK\jdk-8.0.275.1-hotspot\bin;C:\Program Files (x86)\Common Files\Oracle\Java\javapath;C:\WINDOWS\system32;C:\WINDOWS;C:\WINDOWS\System32\Wbem;C:\WINDOWS\System32\WindowsPowerShell\v1.0\;C:\WINDOWS\System32\OpenSSH\;C:\Program Files\Microsoft VS Code\bin;C:\Program Files\dotnet\;C:\scrcpy;C:\MinGW\bin;C:\Program Files (x86)\GtkSharp\2.12\bin;C:\Gradle\gradle-7.1.1\bin;C:\Program Files\AdoptOpenJDK\jdk-8.0.275.1-hotspot\bin;C:\Program Files\Git\cmd;C:\Program Files\Java\scripts;%NVM_HOME%;%NVM_SYMLINK%;C:\Users\rober\AppData\Local\Microsoft\WindowsApps;C:\Users\rober\AppData\Roaming\npm;C:\Users\rober\AppData\Local\GitHubDesktop\bin;C:\Users\rober\AppData\Roaming\nvm;C:\Program Files\nodejs;C:\Program Files\heroku\bin;C:\WINDOWS\System32;
USERNAME=rober
OS=Windows_NT
PROCESSOR_IDENTIFIER=AMD64 Family 23 Model 24 Stepping 1, AuthenticAMD



---------------  S Y S T E M  ---------------

OS:
 Windows 10 , 64 bit Build 19041 (10.0.19041.1202)
OS uptime: 11 days 1:26 hours

CPU: total 8 (initial active 8) (8 cores per cpu, 2 threads per core) family 23 model 24 stepping 1 microcode 0x0, cx8, cmov, fxsr, ht, mmx, 3dnowpref, sse, sse2, sse3, ssse3, sse4a, sse4.1, sse4.2, popcnt, lzcnt, tsc, tscinvbit, avx, avx2, aes, clmul, bmi1, bmi2, adx, sha, fma, vzeroupper, clflush, clflushopt

Memory: 4k page, system-wide physical 14283M (3293M free)
TotalPageFile size 23499M (AvailPageFile size 4162M)
current process WorkingSet (physical memory assigned to process): 214M, peak: 258M
current process commit charge ("private bytes"): 416M, peak: 485M

vm_info: OpenJDK 64-Bit Server VM (17+35-2724) for windows-amd64 JRE (17+35-2724), built on Aug  5 2021 23:26:02 by "mach5one" with MS VC++ 16.8 (VS2019)

END.
